TN:
SF:components/AIAssistantModal.tsx
FN:21,AIAssistantModal
FN:45,(anonymous_1)
FN:64,(anonymous_2)
FN:65,(anonymous_3)
FN:82,(anonymous_4)
FN:98,(anonymous_5)
FN:119,(anonymous_6)
FN:135,(anonymous_7)
FN:151,(anonymous_8)
FN:168,(anonymous_9)
FN:184,(anonymous_10)
FN:198,(anonymous_11)
FN:208,(anonymous_12)
FN:210,(anonymous_13)
FN:214,(anonymous_14)
FN:218,(anonymous_15)
FN:220,(anonymous_16)
FN:229,(anonymous_17)
FN:237,(anonymous_18)
FN:255,(anonymous_19)
FN:256,(anonymous_20)
FN:257,(anonymous_21)
FN:265,(anonymous_22)
FN:270,(anonymous_23)
FN:283,(anonymous_24)
FN:289,(anonymous_25)
FN:293,(anonymous_26)
FN:296,(anonymous_27)
FN:307,(anonymous_28)
FN:330,(anonymous_29)
FN:360,(anonymous_30)
FN:386,(anonymous_31)
FN:446,(anonymous_32)
FN:480,(anonymous_33)
FN:496,(anonymous_34)
FNF:35
FNH:0
FNDA:0,AIAssistantModal
FNDA:0,(anonymous_1)
FNDA:0,(anonymous_2)
FNDA:0,(anonymous_3)
FNDA:0,(anonymous_4)
FNDA:0,(anonymous_5)
FNDA:0,(anonymous_6)
FNDA:0,(anonymous_7)
FNDA:0,(anonymous_8)
FNDA:0,(anonymous_9)
FNDA:0,(anonymous_10)
FNDA:0,(anonymous_11)
FNDA:0,(anonymous_12)
FNDA:0,(anonymous_13)
FNDA:0,(anonymous_14)
FNDA:0,(anonymous_15)
FNDA:0,(anonymous_16)
FNDA:0,(anonymous_17)
FNDA:0,(anonymous_18)
FNDA:0,(anonymous_19)
FNDA:0,(anonymous_20)
FNDA:0,(anonymous_21)
FNDA:0,(anonymous_22)
FNDA:0,(anonymous_23)
FNDA:0,(anonymous_24)
FNDA:0,(anonymous_25)
FNDA:0,(anonymous_26)
FNDA:0,(anonymous_27)
FNDA:0,(anonymous_28)
FNDA:0,(anonymous_29)
FNDA:0,(anonymous_30)
FNDA:0,(anonymous_31)
FNDA:0,(anonymous_32)
FNDA:0,(anonymous_33)
FNDA:0,(anonymous_34)
DA:22,0
DA:23,0
DA:24,0
DA:25,0
DA:26,0
DA:27,0
DA:28,0
DA:29,0
DA:30,0
DA:31,0
DA:32,0
DA:34,0
DA:46,0
DA:51,0
DA:52,0
DA:53,0
DA:65,0
DA:66,0
DA:68,0
DA:69,0
DA:70,0
DA:83,0
DA:84,0
DA:85,0
DA:86,0
DA:87,0
DA:99,0
DA:105,0
DA:106,0
DA:107,0
DA:108,0
DA:120,0
DA:121,0
DA:122,0
DA:123,0
DA:136,0
DA:137,0
DA:138,0
DA:139,0
DA:152,0
DA:153,0
DA:154,0
DA:155,0
DA:169,0
DA:170,0
DA:171,0
DA:172,0
DA:185,0
DA:186,0
DA:187,0
DA:199,0
DA:200,0
DA:201,0
DA:202,0
DA:208,0
DA:209,0
DA:210,0
DA:214,0
DA:215,0
DA:216,0
DA:217,0
DA:218,0
DA:219,0
DA:220,0
DA:221,0
DA:223,0
DA:224,0
DA:229,0
DA:230,0
DA:231,0
DA:232,0
DA:233,0
DA:237,0
DA:238,0
DA:239,0
DA:240,0
DA:241,0
DA:244,0
DA:245,0
DA:246,0
DA:255,0
DA:256,0
DA:257,0
DA:260,0
DA:261,0
DA:265,0
DA:266,0
DA:267,0
DA:270,0
DA:271,0
DA:272,0
DA:273,0
DA:275,0
DA:278,0
DA:279,0
DA:283,0
DA:284,0
DA:285,0
DA:286,0
DA:287,0
DA:289,0
DA:290,0
DA:293,0
DA:294,0
DA:295,0
DA:296,0
DA:299,0
DA:300,0
DA:301,0
DA:303,0
DA:307,0
DA:308,0
DA:309,0
DA:310,0
DA:311,0
DA:312,0
DA:315,0
DA:320,0
DA:321,0
DA:322,0
DA:323,0
DA:324,0
DA:326,0
DA:330,0
DA:331,0
DA:332,0
DA:334,0
DA:335,0
DA:336,0
DA:337,0
DA:340,0
DA:341,0
DA:342,0
DA:344,0
DA:345,0
DA:346,0
DA:348,0
DA:352,0
DA:354,0
DA:355,0
DA:356,0
DA:360,0
DA:361,0
DA:362,0
DA:363,0
DA:365,0
DA:370,0
DA:371,0
DA:374,0
DA:375,0
DA:376,0
DA:379,0
DA:380,0
DA:382,0
DA:386,0
DA:387,0
DA:388,0
DA:389,0
DA:391,0
DA:392,0
DA:398,0
DA:403,0
DA:404,0
DA:407,0
DA:408,0
DA:409,0
DA:412,0
DA:413,0
DA:415,0
DA:419,0
DA:421,0
DA:446,0
DA:481,0
DA:497,0
DA:499,0
DA:505,0
DA:506,0
DA:509,0
DA:516,0
DA:523,0
DA:583,0
LF:181
LH:0
BRDA:209,0,0,0
BRDA:209,0,1,0
BRDA:216,1,0,0
BRDA:216,1,1,0
BRDA:216,2,0,0
BRDA:216,2,1,0
BRDA:216,2,2,0
BRDA:216,2,3,0
BRDA:217,3,0,0
BRDA:217,3,1,0
BRDA:217,4,0,0
BRDA:217,4,1,0
BRDA:219,5,0,0
BRDA:219,5,1,0
BRDA:223,6,0,0
BRDA:223,6,1,0
BRDA:230,7,0,0
BRDA:230,7,1,0
BRDA:238,8,0,0
BRDA:238,8,1,0
BRDA:272,9,0,0
BRDA:272,9,1,0
BRDA:310,10,0,0
BRDA:310,10,1,0
BRDA:334,11,0,0
BRDA:334,11,1,0
BRDA:335,12,0,0
BRDA:335,12,1,0
BRDA:340,13,0,0
BRDA:340,13,1,0
BRDA:345,14,0,0
BRDA:345,14,1,0
BRDA:370,15,0,0
BRDA:370,15,1,0
BRDA:375,16,0,0
BRDA:375,16,1,0
BRDA:403,17,0,0
BRDA:403,17,1,0
BRDA:408,18,0,0
BRDA:408,18,1,0
BRDA:419,19,0,0
BRDA:419,19,1,0
BRDA:445,20,0,0
BRDA:445,20,1,0
BRDA:448,21,0,0
BRDA:448,21,1,0
BRDA:463,22,0,0
BRDA:463,22,1,0
BRDA:483,23,0,0
BRDA:483,23,1,0
BRDA:486,24,0,0
BRDA:486,24,1,0
BRDA:492,25,0,0
BRDA:492,25,1,0
BRDA:495,26,0,0
BRDA:495,26,1,0
BRDA:495,27,0,0
BRDA:495,27,1,0
BRDA:495,27,2,0
BRDA:497,28,0,0
BRDA:497,28,1,0
BRDA:506,29,0,0
BRDA:506,29,1,0
BRDA:506,29,2,0
BRDA:506,29,3,0
BRDA:533,30,0,0
BRDA:533,30,1,0
BRDA:533,30,2,0
BRDA:543,31,0,0
BRDA:543,31,1,0
BRDA:544,32,0,0
BRDA:544,32,1,0
BRDA:547,33,0,0
BRDA:547,33,1,0
BRDA:549,34,0,0
BRDA:549,34,1,0
BRDA:569,35,0,0
BRDA:569,35,1,0
BRDA:573,36,0,0
BRDA:573,36,1,0
BRF:80
BRH:0
end_of_record
TN:
SF:components/ChatInputWithUpload.tsx
FN:34,ChatInputWithUpload
FN:44,(anonymous_1)
FN:52,(anonymous_2)
FN:59,(anonymous_3)
FN:63,(anonymous_4)
FN:78,(anonymous_5)
FN:90,(anonymous_6)
FN:102,(anonymous_7)
FN:103,(anonymous_8)
FN:115,(anonymous_9)
FN:126,(anonymous_10)
FNF:11
FNH:0
FNDA:0,ChatInputWithUpload
FNDA:0,(anonymous_1)
FNDA:0,(anonymous_2)
FNDA:0,(anonymous_3)
FNDA:0,(anonymous_4)
FNDA:0,(anonymous_5)
FNDA:0,(anonymous_6)
FNDA:0,(anonymous_7)
FNDA:0,(anonymous_8)
FNDA:0,(anonymous_9)
FNDA:0,(anonymous_10)
DA:40,0
DA:41,0
DA:42,0
DA:44,0
DA:45,0
DA:46,0
DA:47,0
DA:48,0
DA:52,0
DA:53,0
DA:59,0
DA:63,0
DA:78,0
DA:79,0
DA:80,0
DA:81,0
DA:83,0
DA:84,0
DA:85,0
DA:86,0
DA:90,0
DA:91,0
DA:92,0
DA:93,0
DA:95,0
DA:96,0
DA:97,0
DA:98,0
DA:102,0
DA:103,0
DA:106,0
DA:116,0
DA:126,0
DA:192,0
LF:34
LH:0
BRDA:36,0,0,0
BRDA:37,1,0,0
BRDA:38,2,0,0
BRDA:45,3,0,0
BRDA:45,3,1,0
BRDA:45,4,0,0
BRDA:45,4,1,0
BRDA:46,5,0,0
BRDA:46,5,1,0
BRDA:83,6,0,0
BRDA:83,6,1,0
BRDA:83,7,0,0
BRDA:83,7,1,0
BRDA:85,8,0,0
BRDA:85,8,1,0
BRDA:85,9,0,0
BRDA:85,9,1,0
BRDA:95,10,0,0
BRDA:95,10,1,0
BRDA:95,11,0,0
BRDA:95,11,1,0
BRDA:97,12,0,0
BRDA:97,12,1,0
BRDA:97,13,0,0
BRDA:97,13,1,0
BRDA:109,14,0,0
BRDA:109,14,1,0
BRDA:117,15,0,0
BRDA:117,15,1,0
BRDA:117,16,0,0
BRDA:117,16,1,0
BRDA:144,17,0,0
BRDA:144,17,1,0
BRDA:146,18,0,0
BRDA:146,18,1,0
BRDA:148,19,0,0
BRDA:148,19,1,0
BRDA:151,20,0,0
BRDA:151,20,1,0
BRDA:172,21,0,0
BRDA:172,21,1,0
BRDA:172,21,2,0
BRDA:176,22,0,0
BRDA:176,22,1,0
BRDA:176,22,2,0
BRDA:181,23,0,0
BRDA:181,23,1,0
BRDA:181,24,0,0
BRDA:181,24,1,0
BRDA:181,24,2,0
BRF:50
BRH:0
end_of_record
TN:
SF:components/ConnectionsHub.tsx
FN:30,ConnectionsHub
FN:38,(anonymous_1)
FN:42,(anonymous_2)
FN:47,(anonymous_3)
FN:52,(anonymous_4)
FN:61,(anonymous_5)
FN:68,(anonymous_6)
FN:91,(anonymous_7)
FN:127,(anonymous_8)
FN:138,(anonymous_9)
FN:152,(anonymous_10)
FN:186,(anonymous_11)
FN:198,(anonymous_12)
FN:210,(anonymous_13)
FN:227,(anonymous_14)
FN:235,(anonymous_15)
FN:243,(anonymous_16)
FN:284,(anonymous_17)
FN:319,(anonymous_18)
FNF:19
FNH:0
FNDA:0,ConnectionsHub
FNDA:0,(anonymous_1)
FNDA:0,(anonymous_2)
FNDA:0,(anonymous_3)
FNDA:0,(anonymous_4)
FNDA:0,(anonymous_5)
FNDA:0,(anonymous_6)
FNDA:0,(anonymous_7)
FNDA:0,(anonymous_8)
FNDA:0,(anonymous_9)
FNDA:0,(anonymous_10)
FNDA:0,(anonymous_11)
FNDA:0,(anonymous_12)
FNDA:0,(anonymous_13)
FNDA:0,(anonymous_14)
FNDA:0,(anonymous_15)
FNDA:0,(anonymous_16)
FNDA:0,(anonymous_17)
FNDA:0,(anonymous_18)
DA:31,0
DA:32,0
DA:33,0
DA:34,0
DA:35,0
DA:36,0
DA:38,0
DA:39,0
DA:42,0
DA:43,0
DA:44,0
DA:47,0
DA:48,0
DA:49,0
DA:52,0
DA:53,0
DA:54,0
DA:57,0
DA:58,0
DA:59,0
DA:61,0
DA:62,0
DA:63,0
DA:64,0
DA:68,0
DA:69,0
DA:70,0
DA:72,0
DA:73,0
DA:75,0
DA:83,0
DA:85,0
DA:87,0
DA:91,0
DA:92,0
DA:93,0
DA:95,0
DA:96,0
DA:97,0
DA:101,0
DA:102,0
DA:103,0
DA:104,0
DA:108,0
DA:114,0
DA:116,0
DA:117,0
DA:119,0
DA:122,0
DA:123,0
DA:127,0
DA:128,0
DA:130,0
DA:139,0
DA:140,0
DA:141,0
DA:143,0
DA:144,0
DA:152,0
DA:153,0
DA:154,0
DA:155,0
DA:158,0
DA:159,0
DA:162,0
DA:163,0
DA:164,0
DA:166,0
DA:167,0
DA:171,0
DA:173,0
DA:176,0
DA:177,0
DA:178,0
DA:179,0
DA:181,0
DA:182,0
DA:186,0
DA:187,0
DA:189,0
DA:191,0
DA:194,0
DA:198,0
DA:199,0
DA:201,0
DA:203,0
DA:206,0
DA:210,0
DA:211,0
DA:212,0
DA:214,0
DA:227,0
DA:235,0
DA:244,0
DA:245,0
DA:258,0
DA:259,0
DA:266,0
DA:284,0
DA:320,0
DA:321,0
DA:322,0
DA:323,0
DA:343,0
LF:104
LH:0
BRDA:79,0,0,0
BRDA:79,0,1,0
BRDA:95,1,0,0
BRDA:95,1,1,0
BRDA:101,2,0,0
BRDA:101,2,1,0
BRDA:101,3,0,0
BRDA:101,3,1,0
BRDA:116,4,0,0
BRDA:116,4,1,0
BRDA:153,5,0,0
BRDA:153,5,1,0
BRDA:153,6,0,0
BRDA:153,6,1,0
BRDA:162,7,0,0
BRDA:162,7,1,0
BRDA:187,8,0,0
BRDA:187,8,1,0
BRDA:187,8,2,0
BRDA:187,8,3,0
BRDA:199,9,0,0
BRDA:199,9,1,0
BRDA:199,9,2,0
BRDA:199,9,3,0
BRDA:212,10,0,0
BRDA:212,10,1,0
BRDA:224,11,0,0
BRDA:224,11,1,0
BRDA:240,12,0,0
BRDA:240,12,1,0
BRDA:258,13,0,0
BRDA:258,13,1,0
BRDA:292,14,0,0
BRDA:292,14,1,0
BRF:34
BRH:0
end_of_record
TN:
SF:components/EnhancedAIAssistantModal.tsx
FN:37,EnhancedAIAssistantModal
FN:99,(anonymous_1)
FN:101,(anonymous_2)
FN:119,(anonymous_3)
FN:138,(anonymous_4)
FN:139,(anonymous_5)
FN:156,(anonymous_6)
FN:172,(anonymous_7)
FN:187,(anonymous_8)
FN:203,(anonymous_9)
FN:219,(anonymous_10)
FN:236,(anonymous_11)
FN:252,(anonymous_12)
FN:266,(anonymous_13)
FN:281,(anonymous_14)
FN:288,(anonymous_15)
FN:292,(anonymous_16)
FN:309,(anonymous_17)
FN:347,(anonymous_18)
FN:370,(anonymous_19)
FN:386,(anonymous_20)
FN:402,(anonymous_21)
FN:422,(anonymous_22)
FN:443,(anonymous_23)
FN:464,(anonymous_24)
FN:496,(anonymous_25)
FN:527,(anonymous_26)
FN:542,(anonymous_27)
FN:556,(anonymous_28)
FN:570,(anonymous_29)
FN:583,(anonymous_30)
FN:591,(anonymous_31)
FN:603,(anonymous_32)
FN:614,(anonymous_33)
FN:634,(anonymous_34)
FN:671,(anonymous_35)
FN:678,(anonymous_36)
FN:684,(anonymous_37)
FN:702,(anonymous_38)
FN:730,(anonymous_39)
FN:738,(anonymous_40)
FN:747,(anonymous_41)
FN:760,(anonymous_42)
FN:778,(anonymous_43)
FN:798,(anonymous_44)
FN:815,(anonymous_45)
FN:835,(anonymous_46)
FN:849,(anonymous_47)
FN:866,(anonymous_48)
FN:885,(anonymous_49)
FN:900,(anonymous_50)
FN:904,(anonymous_51)
FN:917,(anonymous_52)
FN:931,(anonymous_53)
FN:934,(anonymous_54)
FN:946,(anonymous_55)
FN:962,(anonymous_56)
FN:964,(anonymous_57)
FN:967,(anonymous_58)
FN:979,(anonymous_59)
FN:986,(anonymous_60)
FN:993,(anonymous_61)
FN:995,(anonymous_62)
FN:1006,(anonymous_63)
FN:1013,(anonymous_64)
FN:1017,(anonymous_65)
FN:1032,(anonymous_66)
FN:1041,(anonymous_67)
FN:1056,(anonymous_68)
FN:1073,(anonymous_69)
FN:1088,(anonymous_70)
FN:1104,(anonymous_71)
FN:1108,(anonymous_72)
FN:1116,(anonymous_73)
FN:1117,(anonymous_74)
FN:1117,(anonymous_75)
FN:1120,(anonymous_76)
FN:1149,(anonymous_77)
FN:1154,(anonymous_78)
FN:1167,(anonymous_79)
FN:1173,(anonymous_80)
FN:1177,(anonymous_81)
FN:1180,(anonymous_82)
FN:1191,(anonymous_83)
FN:1214,(anonymous_84)
FN:1244,(anonymous_85)
FN:1270,(anonymous_86)
FN:1303,(anonymous_87)
FN:1343,(anonymous_88)
FN:1359,(anonymous_89)
FN:1409,(anonymous_90)
FN:1414,(anonymous_91)
FN:1468,(anonymous_92)
FN:1482,(anonymous_93)
FN:1495,(anonymous_94)
FN:1515,(anonymous_95)
FN:1527,(anonymous_96)
FN:1540,(anonymous_97)
FN:1559,(anonymous_98)
FN:1572,(anonymous_99)
FN:1591,(anonymous_100)
FN:1604,(anonymous_101)
FN:1611,(anonymous_102)
FN:1617,(anonymous_103)
FN:1641,(anonymous_104)
FN:1658,(anonymous_105)
FN:1676,(anonymous_106)
FN:1676,(anonymous_107)
FN:1685,(anonymous_108)
FN:1710,(anonymous_109)
FN:1710,(anonymous_110)
FN:1719,(anonymous_111)
FN:1739,(anonymous_112)
FN:1739,(anonymous_113)
FN:1748,(anonymous_114)
FN:1780,(anonymous_115)
FN:1796,(anonymous_116)
FN:1839,(anonymous_117)
FN:1857,(anonymous_118)
FN:1865,(anonymous_119)
FN:1873,(anonymous_120)
FN:1881,(anonymous_121)
FNF:122
FNH:0
FNDA:0,EnhancedAIAssistantModal
FNDA:0,(anonymous_1)
FNDA:0,(anonymous_2)
FNDA:0,(anonymous_3)
FNDA:0,(anonymous_4)
FNDA:0,(anonymous_5)
FNDA:0,(anonymous_6)
FNDA:0,(anonymous_7)
FNDA:0,(anonymous_8)
FNDA:0,(anonymous_9)
FNDA:0,(anonymous_10)
FNDA:0,(anonymous_11)
FNDA:0,(anonymous_12)
FNDA:0,(anonymous_13)
FNDA:0,(anonymous_14)
FNDA:0,(anonymous_15)
FNDA:0,(anonymous_16)
FNDA:0,(anonymous_17)
FNDA:0,(anonymous_18)
FNDA:0,(anonymous_19)
FNDA:0,(anonymous_20)
FNDA:0,(anonymous_21)
FNDA:0,(anonymous_22)
FNDA:0,(anonymous_23)
FNDA:0,(anonymous_24)
FNDA:0,(anonymous_25)
FNDA:0,(anonymous_26)
FNDA:0,(anonymous_27)
FNDA:0,(anonymous_28)
FNDA:0,(anonymous_29)
FNDA:0,(anonymous_30)
FNDA:0,(anonymous_31)
FNDA:0,(anonymous_32)
FNDA:0,(anonymous_33)
FNDA:0,(anonymous_34)
FNDA:0,(anonymous_35)
FNDA:0,(anonymous_36)
FNDA:0,(anonymous_37)
FNDA:0,(anonymous_38)
FNDA:0,(anonymous_39)
FNDA:0,(anonymous_40)
FNDA:0,(anonymous_41)
FNDA:0,(anonymous_42)
FNDA:0,(anonymous_43)
FNDA:0,(anonymous_44)
FNDA:0,(anonymous_45)
FNDA:0,(anonymous_46)
FNDA:0,(anonymous_47)
FNDA:0,(anonymous_48)
FNDA:0,(anonymous_49)
FNDA:0,(anonymous_50)
FNDA:0,(anonymous_51)
FNDA:0,(anonymous_52)
FNDA:0,(anonymous_53)
FNDA:0,(anonymous_54)
FNDA:0,(anonymous_55)
FNDA:0,(anonymous_56)
FNDA:0,(anonymous_57)
FNDA:0,(anonymous_58)
FNDA:0,(anonymous_59)
FNDA:0,(anonymous_60)
FNDA:0,(anonymous_61)
FNDA:0,(anonymous_62)
FNDA:0,(anonymous_63)
FNDA:0,(anonymous_64)
FNDA:0,(anonymous_65)
FNDA:0,(anonymous_66)
FNDA:0,(anonymous_67)
FNDA:0,(anonymous_68)
FNDA:0,(anonymous_69)
FNDA:0,(anonymous_70)
FNDA:0,(anonymous_71)
FNDA:0,(anonymous_72)
FNDA:0,(anonymous_73)
FNDA:0,(anonymous_74)
FNDA:0,(anonymous_75)
FNDA:0,(anonymous_76)
FNDA:0,(anonymous_77)
FNDA:0,(anonymous_78)
FNDA:0,(anonymous_79)
FNDA:0,(anonymous_80)
FNDA:0,(anonymous_81)
FNDA:0,(anonymous_82)
FNDA:0,(anonymous_83)
FNDA:0,(anonymous_84)
FNDA:0,(anonymous_85)
FNDA:0,(anonymous_86)
FNDA:0,(anonymous_87)
FNDA:0,(anonymous_88)
FNDA:0,(anonymous_89)
FNDA:0,(anonymous_90)
FNDA:0,(anonymous_91)
FNDA:0,(anonymous_92)
FNDA:0,(anonymous_93)
FNDA:0,(anonymous_94)
FNDA:0,(anonymous_95)
FNDA:0,(anonymous_96)
FNDA:0,(anonymous_97)
FNDA:0,(anonymous_98)
FNDA:0,(anonymous_99)
FNDA:0,(anonymous_100)
FNDA:0,(anonymous_101)
FNDA:0,(anonymous_102)
FNDA:0,(anonymous_103)
FNDA:0,(anonymous_104)
FNDA:0,(anonymous_105)
FNDA:0,(anonymous_106)
FNDA:0,(anonymous_107)
FNDA:0,(anonymous_108)
FNDA:0,(anonymous_109)
FNDA:0,(anonymous_110)
FNDA:0,(anonymous_111)
FNDA:0,(anonymous_112)
FNDA:0,(anonymous_113)
FNDA:0,(anonymous_114)
FNDA:0,(anonymous_115)
FNDA:0,(anonymous_116)
FNDA:0,(anonymous_117)
FNDA:0,(anonymous_118)
FNDA:0,(anonymous_119)
FNDA:0,(anonymous_120)
FNDA:0,(anonymous_121)
DA:35,0
DA:38,0
DA:39,0
DA:40,0
DA:41,0
DA:43,0
DA:44,0
DA:45,0
DA:46,0
DA:47,0
DA:48,0
DA:49,0
DA:50,0
DA:52,0
DA:53,0
DA:55,0
DA:99,0
DA:100,0
DA:101,0
DA:108,0
DA:120,0
DA:125,0
DA:126,0
DA:127,0
DA:139,0
DA:140,0
DA:142,0
DA:143,0
DA:144,0
DA:157,0
DA:158,0
DA:159,0
DA:160,0
DA:161,0
DA:173,0
DA:174,0
DA:175,0
DA:176,0
DA:188,0
DA:189,0
DA:190,0
DA:191,0
DA:204,0
DA:205,0
DA:206,0
DA:207,0
DA:220,0
DA:221,0
DA:222,0
DA:223,0
DA:237,0
DA:238,0
DA:239,0
DA:240,0
DA:253,0
DA:254,0
DA:255,0
DA:267,0
DA:268,0
DA:269,0
DA:270,0
DA:282,0
DA:283,0
DA:284,0
DA:287,0
DA:289,0
DA:290,0
DA:293,0
DA:296,0
DA:310,0
DA:318,0
DA:332,0
DA:333,0
DA:335,0
DA:348,0
DA:350,0
DA:357,0
DA:358,0
DA:360,0
DA:371,0
DA:372,0
DA:373,0
DA:374,0
DA:377,0
DA:378,0
DA:379,0
DA:380,0
DA:383,0
DA:384,0
DA:385,0
DA:386,0
DA:387,0
DA:390,0
DA:403,0
DA:404,0
DA:405,0
DA:406,0
DA:407,0
DA:409,0
DA:410,0
DA:423,0
DA:424,0
DA:425,0
DA:426,0
DA:427,0
DA:429,0
DA:430,0
DA:444,0
DA:445,0
DA:446,0
DA:447,0
DA:448,0
DA:450,0
DA:451,0
DA:465,0
DA:466,0
DA:467,0
DA:468,0
DA:470,0
DA:471,0
DA:472,0
DA:473,0
DA:474,0
DA:475,0
DA:476,0
DA:477,0
DA:478,0
DA:481,0
DA:483,0
DA:484,0
DA:497,0
DA:498,0
DA:499,0
DA:500,0
DA:501,0
DA:503,0
DA:504,0
DA:505,0
DA:506,0
DA:507,0
DA:508,0
DA:509,0
DA:512,0
DA:514,0
DA:515,0
DA:528,0
DA:529,0
DA:531,0
DA:543,0
DA:544,0
DA:546,0
DA:557,0
DA:558,0
DA:560,0
DA:571,0
DA:572,0
DA:574,0
DA:584,0
DA:585,0
DA:587,0
DA:588,0
DA:591,0
DA:592,0
DA:594,0
DA:604,0
DA:608,0
DA:610,0
DA:611,0
DA:614,0
DA:615,0
DA:618,0
DA:635,0
DA:636,0
DA:639,0
DA:640,0
DA:649,0
DA:650,0
DA:652,0
DA:653,0
DA:654,0
DA:656,0
DA:659,0
DA:660,0
DA:672,0
DA:673,0
DA:674,0
DA:677,0
DA:678,0
DA:680,0
DA:681,0
DA:684,0
DA:685,0
DA:688,0
DA:690,0
DA:703,0
DA:704,0
DA:707,0
DA:708,0
DA:714,0
DA:715,0
DA:717,0
DA:719,0
DA:720,0
DA:731,0
DA:733,0
DA:734,0
DA:735,0
DA:737,0
DA:738,0
DA:741,0
DA:743,0
DA:744,0
DA:747,0
DA:748,0
DA:751,0
DA:761,0
DA:762,0
DA:763,0
DA:764,0
DA:766,0
DA:768,0
DA:779,0
DA:780,0
DA:781,0
DA:782,0
DA:784,0
DA:786,0
DA:787,0
DA:799,0
DA:800,0
DA:801,0
DA:803,0
DA:805,0
DA:816,0
DA:817,0
DA:820,0
DA:821,0
DA:822,0
DA:823,0
DA:825,0
DA:827,0
DA:836,0
DA:837,0
DA:838,0
DA:840,0
DA:842,0
DA:850,0
DA:851,0
DA:852,0
DA:854,0
DA:856,0
DA:867,0
DA:868,0
DA:870,0
DA:871,0
DA:873,0
DA:886,0
DA:887,0
DA:888,0
DA:889,0
DA:890,0
DA:891,0
DA:901,0
DA:902,0
DA:903,0
DA:904,0
DA:906,0
DA:907,0
DA:908,0
DA:918,0
DA:919,0
DA:920,0
DA:921,0
DA:922,0
DA:932,0
DA:933,0
DA:934,0
DA:935,0
DA:936,0
DA:937,0
DA:939,0
DA:947,0
DA:948,0
DA:949,0
DA:950,0
DA:951,0
DA:954,0
DA:962,0
DA:963,0
DA:964,0
DA:966,0
DA:967,0
DA:968,0
DA:969,0
DA:970,0
DA:974,0
DA:975,0
DA:979,0
DA:980,0
DA:981,0
DA:986,0
DA:987,0
DA:988,0
DA:989,0
DA:992,0
DA:993,0
DA:994,0
DA:995,0
DA:1000,0
DA:1001,0
DA:1004,0
DA:1005,0
DA:1006,0
DA:1007,0
DA:1013,0
DA:1014,0
DA:1017,0
DA:1018,0
DA:1019,0
DA:1020,0
DA:1021,0
DA:1022,0
DA:1023,0
DA:1025,0
DA:1028,0
DA:1032,0
DA:1033,0
DA:1034,0
DA:1035,0
DA:1037,0
DA:1041,0
DA:1042,0
DA:1043,0
DA:1046,0
DA:1053,0
DA:1054,0
DA:1056,0
DA:1062,0
DA:1064,0
DA:1066,0
DA:1067,0
DA:1068,0
DA:1073,0
DA:1074,0
DA:1075,0
DA:1078,0
DA:1079,0
DA:1080,0
DA:1081,0
DA:1082,0
DA:1083,0
DA:1085,0
DA:1088,0
DA:1089,0
DA:1090,0
DA:1091,0
DA:1092,0
DA:1093,0
DA:1096,0
DA:1103,0
DA:1104,0
DA:1108,0
DA:1111,0
DA:1112,0
DA:1116,0
DA:1117,0
DA:1120,0
DA:1121,0
DA:1122,0
DA:1123,0
DA:1126,0
DA:1128,0
DA:1129,0
DA:1131,0
DA:1133,0
DA:1140,0
DA:1141,0
DA:1144,0
DA:1145,0
DA:1149,0
DA:1150,0
DA:1151,0
DA:1154,0
DA:1155,0
DA:1156,0
DA:1157,0
DA:1159,0
DA:1162,0
DA:1163,0
DA:1167,0
DA:1168,0
DA:1169,0
DA:1170,0
DA:1171,0
DA:1173,0
DA:1174,0
DA:1177,0
DA:1178,0
DA:1179,0
DA:1180,0
DA:1183,0
DA:1184,0
DA:1185,0
DA:1187,0
DA:1191,0
DA:1192,0
DA:1193,0
DA:1194,0
DA:1195,0
DA:1196,0
DA:1199,0
DA:1204,0
DA:1205,0
DA:1206,0
DA:1207,0
DA:1208,0
DA:1210,0
DA:1214,0
DA:1215,0
DA:1216,0
DA:1218,0
DA:1219,0
DA:1220,0
DA:1221,0
DA:1224,0
DA:1225,0
DA:1226,0
DA:1228,0
DA:1229,0
DA:1230,0
DA:1232,0
DA:1236,0
DA:1238,0
DA:1239,0
DA:1240,0
DA:1244,0
DA:1245,0
DA:1246,0
DA:1247,0
DA:1249,0
DA:1254,0
DA:1255,0
DA:1258,0
DA:1259,0
DA:1260,0
DA:1263,0
DA:1264,0
DA:1266,0
DA:1270,0
DA:1271,0
DA:1272,0
DA:1273,0
DA:1275,0
DA:1276,0
DA:1282,0
DA:1287,0
DA:1288,0
DA:1291,0
DA:1292,0
DA:1293,0
DA:1296,0
DA:1297,0
DA:1299,0
DA:1303,0
DA:1304,0
DA:1344,0
DA:1360,0
DA:1362,0
DA:1368,0
DA:1369,0
DA:1372,0
DA:1379,0
DA:1386,0
DA:1410,0
DA:1414,0
DA:1468,0
DA:1469,0
DA:1482,0
DA:1495,0
DA:1515,0
DA:1527,0
DA:1540,0
DA:1559,0
DA:1572,0
DA:1591,0
DA:1604,0
DA:1611,0
DA:1617,0
DA:1618,0
DA:1642,0
DA:1643,0
DA:1658,0
DA:1659,0
DA:1676,0
DA:1677,0
DA:1685,0
DA:1710,0
DA:1711,0
DA:1719,0
DA:1739,0
DA:1740,0
DA:1748,0
DA:1781,0
DA:1782,0
DA:1783,0
DA:1797,0
DA:1798,0
DA:1799,0
DA:1809,0
DA:1811,0
DA:1839,0
DA:1857,0
DA:1865,0
DA:1873,0
DA:1881,0
DA:1899,0
LF:516
LH:0
BRDA:100,0,0,0
BRDA:100,0,1,0
BRDA:283,1,0,0
BRDA:283,1,1,0
BRDA:287,2,0,0
BRDA:287,2,1,0
BRDA:371,3,0,0
BRDA:371,3,1,0
BRDA:377,4,0,0
BRDA:377,4,1,0
BRDA:377,5,0,0
BRDA:377,5,1,0
BRDA:383,6,0,0
BRDA:383,6,1,0
BRDA:406,7,0,0
BRDA:406,7,1,0
BRDA:406,8,0,0
BRDA:406,8,1,0
BRDA:425,9,0,0
BRDA:425,9,1,0
BRDA:426,10,0,0
BRDA:426,10,1,0
BRDA:427,11,0,0
BRDA:427,11,1,0
BRDA:468,12,0,0
BRDA:468,12,1,0
BRDA:471,13,0,0
BRDA:471,13,1,0
BRDA:471,14,0,0
BRDA:471,14,1,0
BRDA:473,15,0,0
BRDA:473,15,1,0
BRDA:475,16,0,0
BRDA:475,16,1,0
BRDA:477,17,0,0
BRDA:477,17,1,0
BRDA:477,18,0,0
BRDA:477,18,1,0
BRDA:504,19,0,0
BRDA:504,19,1,0
BRDA:506,20,0,0
BRDA:506,20,1,0
BRDA:508,21,0,0
BRDA:508,21,1,0
BRDA:544,22,0,0
BRDA:544,22,1,0
BRDA:546,23,0,0
BRDA:546,23,1,0
BRDA:546,24,0,0
BRDA:546,24,1,0
BRDA:560,25,0,0
BRDA:560,25,1,0
BRDA:572,26,0,0
BRDA:572,26,1,0
BRDA:574,27,0,0
BRDA:574,27,1,0
BRDA:587,28,0,0
BRDA:587,28,1,0
BRDA:592,29,0,0
BRDA:592,29,1,0
BRDA:604,30,0,0
BRDA:604,30,1,0
BRDA:604,31,0,0
BRDA:604,31,1,0
BRDA:610,32,0,0
BRDA:610,32,1,0
BRDA:615,33,0,0
BRDA:615,33,1,0
BRDA:635,34,0,0
BRDA:635,34,1,0
BRDA:645,35,0,0
BRDA:645,35,1,0
BRDA:653,36,0,0
BRDA:653,36,1,0
BRDA:678,37,0,0
BRDA:678,37,1,0
BRDA:678,37,2,0
BRDA:680,38,0,0
BRDA:680,38,1,0
BRDA:688,39,0,0
BRDA:688,39,1,0
BRDA:703,40,0,0
BRDA:703,40,1,0
BRDA:734,41,0,0
BRDA:734,41,1,0
BRDA:734,42,0,0
BRDA:734,42,1,0
BRDA:738,43,0,0
BRDA:738,43,1,0
BRDA:743,44,0,0
BRDA:743,44,1,0
BRDA:744,45,0,0
BRDA:744,45,1,0
BRDA:751,46,0,0
BRDA:751,46,1,0
BRDA:751,47,0,0
BRDA:751,47,1,0
BRDA:816,48,0,0
BRDA:816,48,1,0
BRDA:842,49,0,0
BRDA:842,49,1,0
BRDA:868,50,0,0
BRDA:868,50,1,0
BRDA:870,51,0,0
BRDA:870,51,1,0
BRDA:903,52,0,0
BRDA:903,52,1,0
BRDA:907,53,0,0
BRDA:907,53,1,0
BRDA:908,54,0,0
BRDA:908,54,1,0
BRDA:936,55,0,0
BRDA:936,55,1,0
BRDA:939,56,0,0
BRDA:939,56,1,0
BRDA:951,57,0,0
BRDA:951,57,1,0
BRDA:963,58,0,0
BRDA:963,58,1,0
BRDA:966,59,0,0
BRDA:966,59,1,0
BRDA:966,60,0,0
BRDA:966,60,1,0
BRDA:966,60,2,0
BRDA:966,60,3,0
BRDA:974,61,0,0
BRDA:974,61,1,0
BRDA:980,62,0,0
BRDA:980,62,1,0
BRDA:988,63,0,0
BRDA:988,63,1,0
BRDA:988,64,0,0
BRDA:988,64,1,0
BRDA:988,64,2,0
BRDA:988,64,3,0
BRDA:988,64,4,0
BRDA:992,65,0,0
BRDA:992,65,1,0
BRDA:992,66,0,0
BRDA:992,66,1,0
BRDA:994,67,0,0
BRDA:994,67,1,0
BRDA:1000,68,0,0
BRDA:1000,68,1,0
BRDA:1000,69,0,0
BRDA:1000,69,1,0
BRDA:1004,70,0,0
BRDA:1004,70,1,0
BRDA:1020,71,0,0
BRDA:1020,71,1,0
BRDA:1042,72,0,0
BRDA:1042,72,1,0
BRDA:1042,73,0,0
BRDA:1042,73,1,0
BRDA:1043,74,0,0
BRDA:1043,74,1,0
BRDA:1053,75,0,0
BRDA:1053,75,1,0
BRDA:1078,76,0,0
BRDA:1078,76,1,0
BRDA:1078,77,0,0
BRDA:1078,77,1,0
BRDA:1078,77,2,0
BRDA:1079,78,0,0
BRDA:1079,78,1,0
BRDA:1079,79,0,0
BRDA:1079,79,1,0
BRDA:1079,79,2,0
BRDA:1080,80,0,0
BRDA:1080,80,1,0
BRDA:1080,81,0,0
BRDA:1080,81,1,0
BRDA:1080,81,2,0
BRDA:1081,82,0,0
BRDA:1081,82,1,0
BRDA:1081,83,0,0
BRDA:1081,83,1,0
BRDA:1081,83,2,0
BRDA:1082,84,0,0
BRDA:1082,84,1,0
BRDA:1082,85,0,0
BRDA:1082,85,1,0
BRDA:1082,85,2,0
BRDA:1083,86,0,0
BRDA:1083,86,1,0
BRDA:1083,87,0,0
BRDA:1083,87,1,0
BRDA:1083,87,2,0
BRDA:1085,88,0,0
BRDA:1085,88,1,0
BRDA:1091,89,0,0
BRDA:1091,89,1,0
BRDA:1103,90,0,0
BRDA:1103,90,1,0
BRDA:1103,91,0,0
BRDA:1103,91,1,0
BRDA:1105,92,0,0
BRDA:1105,92,1,0
BRDA:1106,93,0,0
BRDA:1106,93,1,0
BRDA:1121,94,0,0
BRDA:1121,94,1,0
BRDA:1156,95,0,0
BRDA:1156,95,1,0
BRDA:1194,96,0,0
BRDA:1194,96,1,0
BRDA:1218,97,0,0
BRDA:1218,97,1,0
BRDA:1219,98,0,0
BRDA:1219,98,1,0
BRDA:1224,99,0,0
BRDA:1224,99,1,0
BRDA:1229,100,0,0
BRDA:1229,100,1,0
BRDA:1254,101,0,0
BRDA:1254,101,1,0
BRDA:1259,102,0,0
BRDA:1259,102,1,0
BRDA:1287,103,0,0
BRDA:1287,103,1,0
BRDA:1292,104,0,0
BRDA:1292,104,1,0
BRDA:1312,105,0,0
BRDA:1312,105,1,0
BRDA:1346,106,0,0
BRDA:1346,106,1,0
BRDA:1349,107,0,0
BRDA:1349,107,1,0
BRDA:1355,108,0,0
BRDA:1355,108,1,0
BRDA:1358,109,0,0
BRDA:1358,109,1,0
BRDA:1358,110,0,0
BRDA:1358,110,1,0
BRDA:1358,110,2,0
BRDA:1360,111,0,0
BRDA:1360,111,1,0
BRDA:1369,112,0,0
BRDA:1369,112,1,0
BRDA:1369,112,2,0
BRDA:1369,112,3,0
BRDA:1397,113,0,0
BRDA:1397,113,1,0
BRDA:1397,113,2,0
BRDA:1405,114,0,0
BRDA:1405,114,1,0
BRDA:1406,115,0,0
BRDA:1406,115,1,0
BRDA:1425,116,0,0
BRDA:1425,116,1,0
BRDA:1426,117,0,0
BRDA:1426,117,1,0
BRDA:1429,118,0,0
BRDA:1429,118,1,0
BRDA:1431,119,0,0
BRDA:1431,119,1,0
BRDA:1457,120,0,0
BRDA:1457,120,1,0
BRDA:1457,120,2,0
BRDA:1459,121,0,0
BRDA:1459,121,1,0
BRDA:1461,122,0,0
BRDA:1461,122,1,0
BRDA:1461,123,0,0
BRDA:1461,123,1,0
BRDA:1484,124,0,0
BRDA:1484,124,1,0
BRDA:1497,125,0,0
BRDA:1497,125,1,0
BRDA:1515,126,0,0
BRDA:1515,126,1,0
BRDA:1529,127,0,0
BRDA:1529,127,1,0
BRDA:1542,128,0,0
BRDA:1542,128,1,0
BRDA:1561,129,0,0
BRDA:1561,129,1,0
BRDA:1574,130,0,0
BRDA:1574,130,1,0
BRDA:1593,131,0,0
BRDA:1593,131,1,0
BRDA:1606,132,0,0
BRDA:1606,132,1,0
BRDA:1684,133,0,0
BRDA:1684,133,1,0
BRDA:1687,134,0,0
BRDA:1687,134,1,0
BRDA:1698,135,0,0
BRDA:1698,135,1,0
BRDA:1718,136,0,0
BRDA:1718,136,1,0
BRDA:1721,137,0,0
BRDA:1721,137,1,0
BRDA:1747,138,0,0
BRDA:1747,138,1,0
BRDA:1750,139,0,0
BRDA:1750,139,1,0
BRDA:1761,140,0,0
BRDA:1761,140,1,0
BRDA:1786,141,0,0
BRDA:1786,141,1,0
BRDA:1802,142,0,0
BRDA:1802,142,1,0
BRDA:1809,143,0,0
BRDA:1809,143,1,0
BRDA:1836,144,0,0
BRDA:1836,144,1,0
BRDA:1838,145,0,0
BRDA:1838,145,1,0
BRDA:1841,146,0,0
BRDA:1841,146,1,0
BRDA:1856,147,0,0
BRDA:1856,147,1,0
BRDA:1859,148,0,0
BRDA:1859,148,1,0
BRDA:1860,149,0,0
BRDA:1860,149,1,0
BRDA:1864,150,0,0
BRDA:1864,150,1,0
BRDA:1867,151,0,0
BRDA:1867,151,1,0
BRDA:1868,152,0,0
BRDA:1868,152,1,0
BRDA:1872,153,0,0
BRDA:1872,153,1,0
BRDA:1875,154,0,0
BRDA:1875,154,1,0
BRDA:1876,155,0,0
BRDA:1876,155,1,0
BRDA:1880,156,0,0
BRDA:1880,156,1,0
BRDA:1883,157,0,0
BRDA:1883,157,1,0
BRDA:1884,158,0,0
BRDA:1884,158,1,0
BRDA:1888,159,0,0
BRDA:1888,159,1,0
BRDA:1889,160,0,0
BRDA:1889,160,1,0
BRDA:1890,161,0,0
BRDA:1890,161,1,0
BRDA:1891,162,0,0
BRDA:1891,162,1,0
BRF:343
BRH:0
end_of_record
TN:
SF:components/ErrorBoundary.tsx
FN:18,(anonymous_0)
FN:27,(anonymous_1)
FN:35,(anonymous_2)
FN:45,(anonymous_3)
FN:57,(anonymous_4)
FN:92,(anonymous_5)
FNF:6
FNH:0
FNDA:0,(anonymous_0)
FNDA:0,(anonymous_1)
FNDA:0,(anonymous_2)
FNDA:0,(anonymous_3)
FNDA:0,(anonymous_4)
FNDA:0,(anonymous_5)
DA:19,0
DA:20,0
DA:28,0
DA:36,0
DA:37,0
DA:39,0
DA:45,0
DA:46,0
DA:52,0
DA:53,0
DA:58,0
DA:59,0
DA:93,0
DA:109,0
DA:113,0
LF:15
LH:0
BRDA:52,0,0,0
BRDA:52,0,1,0
BRDA:58,1,0,0
BRDA:58,1,1,0
BRDA:73,2,0,0
BRDA:73,2,1,0
BRF:6
BRH:0
end_of_record
TN:
SF:components/FloatingButtons.tsx
FN:11,FloatingButtons
FN:15,(anonymous_1)
FNF:2
FNH:0
FNDA:0,FloatingButtons
FNDA:0,(anonymous_1)
DA:12,0
DA:13,0
DA:15,0
DA:16,0
DA:31,0
DA:47,0
DA:67,0
LF:7
LH:0
BRF:0
BRH:0
end_of_record
TN:
SF:components/Header.tsx
FN:14,Header
FN:40,(anonymous_1)
FN:55,(anonymous_2)
FNF:3
FNH:0
FNDA:0,Header
FNDA:0,(anonymous_1)
FNDA:0,(anonymous_2)
DA:15,0
DA:16,0
DA:18,0
DA:40,0
DA:55,0
DA:61,0
LF:6
LH:0
BRDA:44,0,0,0
BRDA:44,0,1,0
BRF:2
BRH:0
end_of_record
TN:
SF:components/JarvisOnboarding.tsx
FN:16,JarvisOnboarding
FN:76,(anonymous_1)
FN:84,(anonymous_2)
FN:90,(anonymous_3)
FN:107,(anonymous_4)
FN:115,(anonymous_5)
FN:119,(anonymous_6)
FN:126,(anonymous_7)
FN:140,(anonymous_8)
FN:148,(anonymous_9)
FN:153,(anonymous_10)
FN:190,(anonymous_11)
FN:222,(anonymous_12)
FNF:13
FNH:0
FNDA:0,JarvisOnboarding
FNDA:0,(anonymous_1)
FNDA:0,(anonymous_2)
FNDA:0,(anonymous_3)
FNDA:0,(anonymous_4)
FNDA:0,(anonymous_5)
FNDA:0,(anonymous_6)
FNDA:0,(anonymous_7)
FNDA:0,(anonymous_8)
FNDA:0,(anonymous_9)
FNDA:0,(anonymous_10)
FNDA:0,(anonymous_11)
FNDA:0,(anonymous_12)
DA:14,0
DA:17,0
DA:18,0
DA:19,0
DA:20,0
DA:22,0
DA:76,0
DA:77,0
DA:78,0
DA:79,0
DA:80,0
DA:84,0
DA:85,0
DA:86,0
DA:90,0
DA:91,0
DA:107,0
DA:108,0
DA:115,0
DA:116,0
DA:117,0
DA:118,0
DA:119,0
DA:121,0
DA:123,0
DA:126,0
DA:127,0
DA:129,0
DA:130,0
DA:131,0
DA:136,0
DA:140,0
DA:141,0
DA:142,0
DA:144,0
DA:148,0
DA:149,0
DA:150,0
DA:153,0
DA:154,0
DA:155,0
DA:159,0
DA:162,0
DA:163,0
DA:165,0
DA:191,0
DA:223,0
DA:224,0
DA:225,0
DA:226,0
DA:228,0
DA:264,0
LF:52
LH:0
BRDA:77,0,0,0
BRDA:77,0,1,0
BRDA:85,1,0,0
BRDA:85,1,1,0
BRDA:85,2,0,0
BRDA:85,2,1,0
BRDA:127,3,0,0
BRDA:127,3,1,0
BRDA:141,4,0,0
BRDA:141,4,1,0
BRDA:163,5,0,0
BRDA:163,5,1,0
BRDA:171,6,0,0
BRDA:171,6,1,0
BRDA:195,7,0,0
BRDA:195,7,1,0
BRDA:218,8,0,0
BRDA:218,8,1,0
BRDA:239,9,0,0
BRDA:239,9,1,0
BRF:20
BRH:0
end_of_record
TN:
SF:components/JarvisStatusIndicator.tsx
FN:7,JarvisStatusIndicator
FN:16,(anonymous_1)
FN:21,(anonymous_2)
FN:24,(anonymous_3)
FN:33,(anonymous_4)
FN:42,(anonymous_5)
FN:48,(anonymous_6)
FN:58,(anonymous_7)
FN:125,(anonymous_8)
FNF:9
FNH:0
FNDA:0,JarvisStatusIndicator
FNDA:0,(anonymous_1)
FNDA:0,(anonymous_2)
FNDA:0,(anonymous_3)
FNDA:0,(anonymous_4)
FNDA:0,(anonymous_5)
FNDA:0,(anonymous_6)
FNDA:0,(anonymous_7)
FNDA:0,(anonymous_8)
DA:8,0
DA:14,0
DA:16,0
DA:17,0
DA:20,0
DA:21,0
DA:24,0
DA:25,0
DA:26,0
DA:27,0
DA:29,0
DA:33,0
DA:34,0
DA:35,0
DA:36,0
DA:38,0
DA:42,0
DA:43,0
DA:44,0
DA:45,0
DA:48,0
DA:49,0
DA:50,0
DA:51,0
DA:54,0
DA:58,0
DA:126,0
DA:127,0
DA:138,0
LF:29
LH:0
BRDA:43,0,0,0
BRDA:43,0,1,0
BRDA:44,1,0,0
BRDA:44,1,1,0
BRDA:49,2,0,0
BRDA:49,2,1,0
BRDA:50,3,0,0
BRDA:50,3,1,0
BRDA:62,4,0,0
BRDA:62,4,1,0
BRDA:69,5,0,0
BRDA:69,5,1,0
BRDA:74,6,0,0
BRDA:74,6,1,0
BRDA:80,7,0,0
BRDA:80,7,1,0
BRDA:105,8,0,0
BRDA:105,8,1,0
BRF:18
BRH:0
end_of_record
TN:
SF:components/LoadingSpinner.tsx
FN:10,LoadingSpinner
FNF:1
FNH:0
FNDA:0,LoadingSpinner
DA:16,0
DA:18,0
DA:26,0
LF:3
LH:0
BRDA:11,0,0,0
BRDA:12,1,0,0
BRDA:14,2,0,0
BRDA:16,3,0,0
BRDA:16,3,1,0
BRDA:21,4,0,0
BRDA:21,4,1,0
BRF:7
BRH:0
end_of_record
TN:
SF:components/MockDataIndicator.tsx
FN:12,MockDataIndicator
FN:18,(anonymous_1)
FNF:2
FNH:0
FNDA:0,MockDataIndicator
FNDA:0,(anonymous_1)
DA:18,0
DA:19,0
DA:27,0
DA:30,0
DA:31,0
DA:44,0
DA:61,0
LF:7
LH:0
BRDA:16,0,0,0
BRDA:27,1,0,0
BRDA:27,1,1,0
BRDA:27,2,0,0
BRDA:27,2,1,0
BRDA:30,3,0,0
BRDA:30,3,1,0
BRDA:35,4,0,0
BRDA:35,4,1,0
BRDA:51,5,0,0
BRDA:51,5,1,0
BRF:11
BRH:0
end_of_record
TN:
SF:components/NotificationPanel.tsx
FN:22,NotificationPanel
FN:68,(anonymous_1)
FN:69,(anonymous_2)
FN:72,(anonymous_3)
FN:73,(anonymous_4)
FN:73,(anonymous_5)
FN:76,(anonymous_6)
FN:77,(anonymous_7)
FN:77,(anonymous_8)
FN:81,(anonymous_9)
FN:86,(anonymous_10)
FN:87,(anonymous_11)
FN:87,(anonymous_12)
FN:91,(anonymous_13)
FN:104,(anonymous_14)
FN:117,(anonymous_15)
FN:179,(anonymous_16)
FN:186,(anonymous_17)
FN:201,(anonymous_18)
FNF:19
FNH:0
FNDA:0,NotificationPanel
FNDA:0,(anonymous_1)
FNDA:0,(anonymous_2)
FNDA:0,(anonymous_3)
FNDA:0,(anonymous_4)
FNDA:0,(anonymous_5)
FNDA:0,(anonymous_6)
FNDA:0,(anonymous_7)
FNDA:0,(anonymous_8)
FNDA:0,(anonymous_9)
FNDA:0,(anonymous_10)
FNDA:0,(anonymous_11)
FNDA:0,(anonymous_12)
FNDA:0,(anonymous_13)
FNDA:0,(anonymous_14)
FNDA:0,(anonymous_15)
FNDA:0,(anonymous_16)
FNDA:0,(anonymous_17)
FNDA:0,(anonymous_18)
DA:23,0
DA:25,0
DA:68,0
DA:69,0
DA:72,0
DA:73,0
DA:76,0
DA:77,0
DA:78,0
DA:81,0
DA:82,0
DA:83,0
DA:86,0
DA:87,0
DA:88,0
DA:91,0
DA:92,0
DA:94,0
DA:96,0
DA:98,0
DA:100,0
DA:104,0
DA:105,0
DA:107,0
DA:109,0
DA:111,0
DA:113,0
DA:117,0
DA:118,0
DA:119,0
DA:120,0
DA:121,0
DA:123,0
DA:124,0
DA:125,0
DA:126,0
DA:129,0
DA:180,0
DA:186,0
DA:201,0
DA:216,0
LF:41
LH:0
BRDA:73,0,0,0
BRDA:73,0,1,0
BRDA:92,1,0,0
BRDA:92,1,1,0
BRDA:92,1,2,0
BRDA:92,1,3,0
BRDA:105,2,0,0
BRDA:105,2,1,0
BRDA:105,2,2,0
BRDA:105,2,3,0
BRDA:123,3,0,0
BRDA:123,3,1,0
BRDA:124,4,0,0
BRDA:124,4,1,0
BRDA:125,5,0,0
BRDA:125,5,1,0
BRDA:150,6,0,0
BRDA:150,6,1,0
BRDA:160,7,0,0
BRDA:160,7,1,0
BRDA:172,8,0,0
BRDA:172,8,1,0
BRDA:184,9,0,0
BRDA:184,9,1,0
BRF:24
BRH:0
end_of_record
TN:
SF:components/OnboardingTutorial.tsx
FN:65,OnboardingTutorial
FN:68,(anonymous_1)
FN:76,(anonymous_2)
FN:80,(anonymous_3)
FN:117,(anonymous_4)
FNF:5
FNH:0
FNDA:0,OnboardingTutorial
FNDA:0,(anonymous_1)
FNDA:0,(anonymous_2)
FNDA:0,(anonymous_3)
FNDA:0,(anonymous_4)
DA:7,0
DA:14,0
DA:66,0
DA:68,0
DA:69,0
DA:70,0
DA:72,0
DA:76,0
DA:77,0
DA:80,0
DA:81,0
DA:82,0
DA:85,0
DA:86,0
DA:88,0
DA:118,0
DA:153,0
LF:17
LH:0
BRDA:69,0,0,0
BRDA:69,0,1,0
BRDA:122,1,0,0
BRDA:122,1,1,0
BRDA:123,2,0,0
BRDA:123,2,1,0
BRDA:135,3,0,0
BRDA:135,3,1,0
BRDA:137,4,0,0
BRDA:137,4,1,0
BRF:10
BRH:0
end_of_record
TN:
SF:components/PlatformSelector.tsx
FN:13,PlatformSelector
FN:31,(anonymous_1)
FN:34,(anonymous_2)
FN:43,(anonymous_3)
FN:44,(anonymous_4)
FN:47,(anonymous_5)
FN:51,(anonymous_6)
FN:56,(anonymous_7)
FN:61,(anonymous_8)
FN:61,(anonymous_9)
FN:69,(anonymous_10)
FN:78,(anonymous_11)
FN:84,(anonymous_12)
FN:99,(anonymous_13)
FN:101,(anonymous_14)
FN:112,(anonymous_15)
FN:121,(anonymous_16)
FNF:17
FNH:0
FNDA:0,PlatformSelector
FNDA:0,(anonymous_1)
FNDA:0,(anonymous_2)
FNDA:0,(anonymous_3)
FNDA:0,(anonymous_4)
FNDA:0,(anonymous_5)
FNDA:0,(anonymous_6)
FNDA:0,(anonymous_7)
FNDA:0,(anonymous_8)
FNDA:0,(anonymous_9)
FNDA:0,(anonymous_10)
FNDA:0,(anonymous_11)
FNDA:0,(anonymous_12)
FNDA:0,(anonymous_13)
FNDA:0,(anonymous_14)
FNDA:0,(anonymous_15)
FNDA:0,(anonymous_16)
DA:18,0
DA:19,0
DA:21,0
DA:31,0
DA:32,0
DA:33,0
DA:34,0
DA:36,0
DA:39,0
DA:43,0
DA:44,0
DA:47,0
DA:48,0
DA:51,0
DA:52,0
DA:53,0
DA:56,0
DA:57,0
DA:58,0
DA:59,0
DA:60,0
DA:61,0
DA:64,0
DA:67,0
DA:69,0
DA:78,0
DA:84,0
DA:100,0
DA:101,0
DA:104,0
DA:106,0
DA:113,0
DA:114,0
DA:121,0
DA:160,0
LF:35
LH:0
BRDA:16,0,0,0
BRDA:32,1,0,0
BRDA:32,1,1,0
BRDA:33,2,0,0
BRDA:33,2,1,0
BRDA:57,3,0,0
BRDA:57,3,1,0
BRDA:58,4,0,0
BRDA:58,4,1,0
BRDA:59,5,0,0
BRDA:59,5,1,0
BRDA:104,6,0,0
BRDA:104,6,1,0
BRDA:119,7,0,0
BRDA:119,7,1,0
BRDA:123,8,0,0
BRDA:123,8,1,0
BRDA:131,9,0,0
BRDA:131,9,1,0
BRDA:147,10,0,0
BRDA:147,10,1,0
BRF:21
BRH:0
end_of_record
TN:
SF:components/SetupWizard.tsx
FN:23,SetupWizard
FN:39,(anonymous_1)
FN:46,(anonymous_2)
FN:66,(anonymous_3)
FN:79,(anonymous_4)
FN:85,(anonymous_5)
FN:85,(anonymous_6)
FN:92,(anonymous_7)
FN:107,(anonymous_8)
FN:107,(anonymous_9)
FN:114,(anonymous_10)
FN:131,(anonymous_11)
FN:132,(anonymous_12)
FN:139,(anonymous_13)
FN:157,(anonymous_14)
FN:208,(anonymous_15)
FN:217,(anonymous_16)
FNF:17
FNH:0
FNDA:0,SetupWizard
FNDA:0,(anonymous_1)
FNDA:0,(anonymous_2)
FNDA:0,(anonymous_3)
FNDA:0,(anonymous_4)
FNDA:0,(anonymous_5)
FNDA:0,(anonymous_6)
FNDA:0,(anonymous_7)
FNDA:0,(anonymous_8)
FNDA:0,(anonymous_9)
FNDA:0,(anonymous_10)
FNDA:0,(anonymous_11)
FNDA:0,(anonymous_12)
FNDA:0,(anonymous_13)
FNDA:0,(anonymous_14)
FNDA:0,(anonymous_15)
FNDA:0,(anonymous_16)
DA:24,0
DA:25,0
DA:26,0
DA:27,0
DA:29,0
DA:39,0
DA:40,0
DA:41,0
DA:42,0
DA:43,0
DA:46,0
DA:47,0
DA:48,0
DA:49,0
DA:52,0
DA:55,0
DA:56,0
DA:58,0
DA:60,0
DA:67,0
DA:68,0
DA:69,0
DA:75,0
DA:79,0
DA:80,0
DA:85,0
DA:86,0
DA:92,0
DA:107,0
DA:108,0
DA:114,0
DA:131,0
DA:132,0
DA:133,0
DA:135,0
DA:139,0
DA:157,0
DA:186,0
DA:208,0
DA:217,0
DA:228,0
LF:41
LH:0
BRDA:24,0,0,0
BRDA:24,0,1,0
BRDA:47,1,0,0
BRDA:47,1,1,0
BRDA:47,2,0,0
BRDA:47,2,1,0
BRDA:90,3,0,0
BRDA:90,3,1,0
BRDA:112,4,0,0
BRDA:112,4,1,0
BRDA:118,5,0,0
BRDA:118,5,1,0
BRDA:119,6,0,0
BRDA:119,6,1,0
BRDA:133,7,0,0
BRDA:133,7,1,0
BRDA:149,8,0,0
BRDA:149,8,1,0
BRDA:149,9,0,0
BRDA:149,9,1,0
BRDA:175,10,0,0
BRDA:175,10,1,0
BRDA:198,11,0,0
BRDA:198,11,1,0
BRF:24
BRH:0
end_of_record
TN:
SF:components/Sidebar.tsx
FN:126,Sidebar
FN:134,(anonymous_1)
FN:148,(anonymous_2)
FN:177,(anonymous_3)
FN:207,(anonymous_4)
FN:209,(anonymous_5)
FN:216,(anonymous_6)
FN:233,(anonymous_7)
FN:244,(anonymous_8)
FNF:9
FNH:0
FNDA:0,Sidebar
FNDA:0,(anonymous_1)
FNDA:0,(anonymous_2)
FNDA:0,(anonymous_3)
FNDA:0,(anonymous_4)
FNDA:0,(anonymous_5)
FNDA:0,(anonymous_6)
FNDA:0,(anonymous_7)
FNDA:0,(anonymous_8)
DA:43,0
DA:134,0
DA:135,0
DA:136,0
DA:137,0
DA:139,0
DA:149,0
DA:150,0
DA:152,0
DA:177,0
DA:184,0
DA:208,0
DA:209,0
DA:210,0
DA:216,0
DA:226,0
DA:233,0
DA:244,0
DA:251,0
LF:19
LH:0
BRDA:131,0,0,0
BRDA:134,1,0,0
BRDA:137,2,0,0
BRDA:137,2,1,0
BRDA:144,3,0,0
BRDA:144,3,1,0
BRDA:145,4,0,0
BRDA:145,4,1,0
BRDA:145,4,2,0
BRDA:146,5,0,0
BRDA:146,5,1,0
BRDA:146,5,2,0
BRDA:149,6,0,0
BRDA:149,6,1,0
BRDA:158,7,0,0
BRDA:158,7,1,0
BRDA:160,8,0,0
BRDA:160,8,1,0
BRDA:160,9,0,0
BRDA:160,9,1,0
BRDA:161,10,0,0
BRDA:161,10,1,0
BRDA:166,11,0,0
BRDA:166,11,1,0
BRDA:167,12,0,0
BRDA:167,12,1,0
BRDA:175,13,0,0
BRDA:175,13,1,0
BRDA:175,13,2,0
BRDA:185,14,0,0
BRDA:185,14,1,0
BRDA:192,15,0,0
BRDA:192,15,1,0
BRDA:198,16,0,0
BRDA:198,16,1,0
BRDA:206,17,0,0
BRDA:206,17,1,0
BRDA:208,18,0,0
BRDA:208,18,1,0
BRDA:214,19,0,0
BRDA:214,19,1,0
BRDA:220,20,0,0
BRDA:220,20,1,0
BRDA:231,21,0,0
BRDA:231,21,1,0
BRDA:237,22,0,0
BRDA:237,22,1,0
BRF:47
BRH:0
end_of_record
TN:
SF:components/SkeletonLoader.tsx
FN:11,SkeletonLoader
FN:19,(anonymous_1)
FN:37,(anonymous_2)
FN:56,CardSkeleton
FN:67,ListSkeleton
FN:70,(anonymous_5)
FNF:6
FNH:0
FNDA:0,SkeletonLoader
FNDA:0,(anonymous_1)
FNDA:0,(anonymous_2)
FNDA:0,CardSkeleton
FNDA:0,ListSkeleton
FNDA:0,(anonymous_5)
DA:17,0
DA:19,0
DA:20,0
DA:35,0
DA:37,0
DA:40,0
DA:57,0
DA:68,0
DA:71,0
DA:77,0
LF:10
LH:0
BRDA:12,0,0,0
BRDA:13,1,0,0
BRDA:14,2,0,0
BRDA:67,3,0,0
BRF:4
BRH:0
end_of_record
TN:
SF:components/pages/AIAssistant.tsx
FN:9,AIAssistant
FN:30,(anonymous_1)
FN:49,(anonymous_2)
FN:50,(anonymous_3)
FN:67,(anonymous_4)
FN:83,(anonymous_5)
FN:104,(anonymous_6)
FN:120,(anonymous_7)
FN:136,(anonymous_8)
FN:153,(anonymous_9)
FN:169,(anonymous_10)
FN:183,(anonymous_11)
FN:193,(anonymous_12)
FN:197,(anonymous_13)
FN:205,(anonymous_14)
FN:206,(anonymous_15)
FN:207,(anonymous_16)
FN:208,(anonymous_17)
FN:209,(anonymous_18)
FN:210,(anonymous_19)
FN:225,(anonymous_20)
FN:226,(anonymous_21)
FN:227,(anonymous_22)
FN:228,(anonymous_23)
FN:254,(anonymous_24)
FN:266,(anonymous_25)
FN:270,(anonymous_26)
FN:271,(anonymous_27)
FN:272,(anonymous_28)
FN:302,(anonymous_29)
FN:312,(anonymous_30)
FN:328,(anonymous_31)
FNF:32
FNH:0
FNDA:0,AIAssistant
FNDA:0,(anonymous_1)
FNDA:0,(anonymous_2)
FNDA:0,(anonymous_3)
FNDA:0,(anonymous_4)
FNDA:0,(anonymous_5)
FNDA:0,(anonymous_6)
FNDA:0,(anonymous_7)
FNDA:0,(anonymous_8)
FNDA:0,(anonymous_9)
FNDA:0,(anonymous_10)
FNDA:0,(anonymous_11)
FNDA:0,(anonymous_12)
FNDA:0,(anonymous_13)
FNDA:0,(anonymous_14)
FNDA:0,(anonymous_15)
FNDA:0,(anonymous_16)
FNDA:0,(anonymous_17)
FNDA:0,(anonymous_18)
FNDA:0,(anonymous_19)
FNDA:0,(anonymous_20)
FNDA:0,(anonymous_21)
FNDA:0,(anonymous_22)
FNDA:0,(anonymous_23)
FNDA:0,(anonymous_24)
FNDA:0,(anonymous_25)
FNDA:0,(anonymous_26)
FNDA:0,(anonymous_27)
FNDA:0,(anonymous_28)
FNDA:0,(anonymous_29)
FNDA:0,(anonymous_30)
FNDA:0,(anonymous_31)
DA:10,0
DA:11,0
DA:12,0
DA:13,0
DA:14,0
DA:15,0
DA:19,0
DA:31,0
DA:36,0
DA:37,0
DA:38,0
DA:50,0
DA:51,0
DA:53,0
DA:54,0
DA:55,0
DA:68,0
DA:69,0
DA:70,0
DA:71,0
DA:72,0
DA:84,0
DA:90,0
DA:91,0
DA:92,0
DA:93,0
DA:105,0
DA:106,0
DA:107,0
DA:108,0
DA:121,0
DA:122,0
DA:123,0
DA:124,0
DA:137,0
DA:138,0
DA:139,0
DA:140,0
DA:154,0
DA:155,0
DA:156,0
DA:157,0
DA:170,0
DA:171,0
DA:172,0
DA:184,0
DA:185,0
DA:186,0
DA:187,0
DA:193,0
DA:194,0
DA:197,0
DA:198,0
DA:199,0
DA:200,0
DA:204,0
DA:205,0
DA:206,0
DA:207,0
DA:208,0
DA:209,0
DA:210,0
DA:213,0
DA:224,0
DA:225,0
DA:226,0
DA:227,0
DA:228,0
DA:231,0
DA:255,0
DA:267,0
DA:271,0
DA:272,0
DA:303,0
DA:313,0
DA:329,0
DA:330,0
DA:332,0
DA:338,0
DA:339,0
DA:342,0
DA:349,0
DA:356,0
DA:362,0
DA:365,0
DA:397,0
LF:86
LH:0
BRDA:198,0,0,0
BRDA:198,0,1,0
BRDA:248,1,0,0
BRDA:248,1,1,0
BRDA:269,2,0,0
BRDA:269,2,1,0
BRDA:272,3,0,0
BRDA:272,3,1,0
BRDA:276,4,0,0
BRDA:276,4,1,0
BRDA:277,5,0,0
BRDA:277,5,1,0
BRDA:293,6,0,0
BRDA:293,6,1,0
BRDA:315,7,0,0
BRDA:315,7,1,0
BRDA:318,8,0,0
BRDA:318,8,1,0
BRDA:324,9,0,0
BRDA:324,9,1,0
BRDA:327,10,0,0
BRDA:327,10,1,0
BRDA:327,11,0,0
BRDA:327,11,1,0
BRDA:327,11,2,0
BRDA:329,12,0,0
BRDA:329,12,1,0
BRDA:330,13,0,0
BRDA:330,13,1,0
BRDA:330,13,2,0
BRDA:334,14,0,0
BRDA:334,14,1,0
BRDA:338,15,0,0
BRDA:338,15,1,0
BRDA:339,16,0,0
BRDA:339,16,1,0
BRDA:339,16,2,0
BRDA:339,16,3,0
BRDA:339,16,4,0
BRDA:358,17,0,0
BRDA:358,17,1,0
BRDA:370,18,0,0
BRDA:370,18,1,0
BRDA:370,18,2,0
BRDA:377,19,0,0
BRDA:377,19,1,0
BRF:46
BRH:0
end_of_record
TN:
SF:components/pages/APITester.tsx
FN:17,APITester
FN:26,(anonymous_1)
FN:89,(anonymous_2)
FN:152,(anonymous_3)
FN:162,(anonymous_4)
FN:226,(anonymous_5)
FN:236,(anonymous_6)
FN:296,(anonymous_7)
FN:306,(anonymous_8)
FN:366,(anonymous_9)
FN:386,(anonymous_10)
FN:389,(anonymous_11)
FN:390,(anonymous_12)
FN:391,(anonymous_13)
FN:403,(anonymous_14)
FN:418,(anonymous_15)
FN:477,(anonymous_16)
FN:540,(anonymous_17)
FNF:18
FNH:0
FNDA:0,APITester
FNDA:0,(anonymous_1)
FNDA:0,(anonymous_2)
FNDA:0,(anonymous_3)
FNDA:0,(anonymous_4)
FNDA:0,(anonymous_5)
FNDA:0,(anonymous_6)
FNDA:0,(anonymous_7)
FNDA:0,(anonymous_8)
FNDA:0,(anonymous_9)
FNDA:0,(anonymous_10)
FNDA:0,(anonymous_11)
FNDA:0,(anonymous_12)
FNDA:0,(anonymous_13)
FNDA:0,(anonymous_14)
FNDA:0,(anonymous_15)
FNDA:0,(anonymous_16)
FNDA:0,(anonymous_17)
DA:18,0
DA:19,0
DA:20,0
DA:21,0
DA:22,0
DA:26,0
DA:27,0
DA:33,0
DA:35,0
DA:36,0
DA:37,0
DA:45,0
DA:58,0
DA:60,0
DA:61,0
DA:62,0
DA:70,0
DA:71,0
DA:80,0
DA:89,0
DA:90,0
DA:96,0
DA:98,0
DA:99,0
DA:100,0
DA:108,0
DA:109,0
DA:121,0
DA:123,0
DA:124,0
DA:125,0
DA:133,0
DA:134,0
DA:143,0
DA:152,0
DA:153,0
DA:159,0
DA:161,0
DA:162,0
DA:163,0
DA:167,0
DA:168,0
DA:177,0
DA:195,0
DA:197,0
DA:198,0
DA:199,0
DA:207,0
DA:208,0
DA:217,0
DA:226,0
DA:227,0
DA:233,0
DA:235,0
DA:236,0
DA:237,0
DA:240,0
DA:241,0
DA:250,0
DA:252,0
DA:265,0
DA:267,0
DA:268,0
DA:269,0
DA:277,0
DA:278,0
DA:287,0
DA:296,0
DA:297,0
DA:303,0
DA:305,0
DA:306,0
DA:307,0
DA:310,0
DA:311,0
DA:320,0
DA:322,0
DA:335,0
DA:337,0
DA:338,0
DA:339,0
DA:347,0
DA:348,0
DA:357,0
DA:366,0
DA:367,0
DA:368,0
DA:369,0
DA:371,0
DA:379,0
DA:381,0
DA:382,0
DA:383,0
DA:384,0
DA:386,0
DA:389,0
DA:390,0
DA:391,0
DA:393,0
DA:400,0
DA:403,0
DA:404,0
DA:406,0
DA:408,0
DA:410,0
DA:412,0
DA:414,0
DA:418,0
DA:419,0
DA:420,0
DA:421,0
DA:422,0
DA:423,0
DA:424,0
DA:428,0
DA:478,0
DA:540,0
DA:549,0
LF:118
LH:0
BRDA:36,0,0,0
BRDA:36,0,1,0
BRDA:60,1,0,0
BRDA:60,1,1,0
BRDA:67,2,0,0
BRDA:67,2,1,0
BRDA:99,3,0,0
BRDA:99,3,1,0
BRDA:123,4,0,0
BRDA:123,4,1,0
BRDA:163,5,0,0
BRDA:163,5,1,0
BRDA:167,6,0,0
BRDA:167,6,1,0
BRDA:197,7,0,0
BRDA:197,7,1,0
BRDA:204,8,0,0
BRDA:204,8,1,0
BRDA:213,9,0,0
BRDA:213,9,1,0
BRDA:240,10,0,0
BRDA:240,10,1,0
BRDA:240,11,0,0
BRDA:240,11,1,0
BRDA:250,12,0,0
BRDA:250,12,1,0
BRDA:267,13,0,0
BRDA:267,13,1,0
BRDA:274,14,0,0
BRDA:274,14,1,0
BRDA:310,15,0,0
BRDA:310,15,1,0
BRDA:310,16,0,0
BRDA:310,16,1,0
BRDA:320,17,0,0
BRDA:320,17,1,0
BRDA:337,18,0,0
BRDA:337,18,1,0
BRDA:344,19,0,0
BRDA:344,19,1,0
BRDA:404,20,0,0
BRDA:404,20,1,0
BRDA:404,20,2,0
BRDA:404,20,3,0
BRDA:404,20,4,0
BRDA:419,21,0,0
BRDA:419,21,1,0
BRDA:419,21,2,0
BRDA:419,21,3,0
BRDA:419,21,4,0
BRDA:435,22,0,0
BRDA:435,22,1,0
BRDA:439,23,0,0
BRDA:439,23,1,0
BRDA:452,24,0,0
BRDA:452,24,1,0
BRDA:483,25,0,0
BRDA:483,25,1,0
BRDA:488,26,0,0
BRDA:488,26,1,0
BRDA:493,27,0,0
BRDA:493,27,1,0
BRDA:503,28,0,0
BRDA:503,28,1,0
BRDA:503,28,2,0
BRDA:516,29,0,0
BRDA:516,29,1,0
BRDA:522,30,0,0
BRDA:522,30,1,0
BRDA:528,31,0,0
BRDA:528,31,1,0
BRDA:534,32,0,0
BRDA:534,32,1,0
BRDA:540,33,0,0
BRDA:540,33,1,0
BRF:75
BRH:0
end_of_record
TN:
SF:components/pages/Analytics.tsx
FN:6,Analytics
FN:24,(anonymous_1)
FN:40,(anonymous_2)
FN:54,(anonymous_3)
FNF:4
FNH:0
FNDA:0,Analytics
FNDA:0,(anonymous_1)
FNDA:0,(anonymous_2)
FNDA:0,(anonymous_3)
DA:7,0
DA:8,0
DA:10,0
DA:17,0
DA:25,0
DA:26,0
DA:41,0
DA:55,0
DA:72,0
LF:9
LH:0
BRF:0
BRH:0
end_of_record
TN:
SF:components/pages/AutonomousOps.tsx
FN:6,AutonomousOpsPage
FN:14,(anonymous_1)
FN:18,(anonymous_2)
FN:34,(anonymous_3)
FN:41,(anonymous_4)
FN:46,(anonymous_5)
FN:51,(anonymous_6)
FN:56,(anonymous_7)
FN:66,(anonymous_8)
FN:101,(anonymous_9)
FN:109,(anonymous_10)
FN:117,(anonymous_11)
FN:160,(anonymous_12)
FN:195,(anonymous_13)
FN:202,(anonymous_14)
FN:214,(anonymous_15)
FN:255,(anonymous_16)
FNF:17
FNH:0
FNDA:0,AutonomousOpsPage
FNDA:0,(anonymous_1)
FNDA:0,(anonymous_2)
FNDA:0,(anonymous_3)
FNDA:0,(anonymous_4)
FNDA:0,(anonymous_5)
FNDA:0,(anonymous_6)
FNDA:0,(anonymous_7)
FNDA:0,(anonymous_8)
FNDA:0,(anonymous_9)
FNDA:0,(anonymous_10)
FNDA:0,(anonymous_11)
FNDA:0,(anonymous_12)
FNDA:0,(anonymous_13)
FNDA:0,(anonymous_14)
FNDA:0,(anonymous_15)
FNDA:0,(anonymous_16)
DA:7,0
DA:8,0
DA:9,0
DA:10,0
DA:11,0
DA:12,0
DA:14,0
DA:15,0
DA:18,0
DA:19,0
DA:20,0
DA:21,0
DA:22,0
DA:23,0
DA:24,0
DA:26,0
DA:27,0
DA:28,0
DA:29,0
DA:30,0
DA:31,0
DA:34,0
DA:35,0
DA:36,0
DA:37,0
DA:38,0
DA:41,0
DA:42,0
DA:43,0
DA:46,0
DA:47,0
DA:48,0
DA:51,0
DA:52,0
DA:53,0
DA:56,0
DA:57,0
DA:58,0
DA:59,0
DA:60,0
DA:61,0
DA:62,0
DA:66,0
DA:67,0
DA:68,0
DA:69,0
DA:70,0
DA:71,0
DA:72,0
DA:76,0
DA:78,0
DA:101,0
DA:109,0
DA:117,0
DA:161,0
DA:195,0
DA:202,0
DA:215,0
DA:256,0
DA:277,0
LF:60
LH:0
BRDA:57,0,0,0
BRDA:57,0,1,0
BRDA:57,0,2,0
BRDA:57,0,3,0
BRDA:57,0,4,0
BRDA:67,1,0,0
BRDA:67,1,1,0
BRDA:67,1,2,0
BRDA:67,1,3,0
BRDA:67,1,4,0
BRDA:76,2,0,0
BRDA:76,2,1,0
BRDA:100,3,0,0
BRDA:100,3,1,0
BRDA:103,4,0,0
BRDA:103,4,1,0
BRDA:108,5,0,0
BRDA:108,5,1,0
BRDA:111,6,0,0
BRDA:111,6,1,0
BRDA:116,7,0,0
BRDA:116,7,1,0
BRDA:119,8,0,0
BRDA:119,8,1,0
BRDA:131,9,0,0
BRDA:131,9,1,0
BRDA:132,10,0,0
BRDA:132,10,1,0
BRDA:238,11,0,0
BRDA:238,11,1,0
BRDA:238,12,0,0
BRDA:238,12,1,0
BRDA:244,13,0,0
BRDA:244,13,1,0
BRDA:244,14,0,0
BRDA:244,14,1,0
BRDA:267,15,0,0
BRDA:267,15,1,0
BRF:38
BRH:0
end_of_record
TN:
SF:components/pages/BackupRestore.tsx
FN:6,BackupRestore
FN:10,(anonymous_1)
FN:16,(anonymous_2)
FN:20,(anonymous_3)
FN:29,(anonymous_4)
FNF:5
FNH:0
FNDA:0,BackupRestore
FNDA:0,(anonymous_1)
FNDA:0,(anonymous_2)
FNDA:0,(anonymous_3)
FNDA:0,(anonymous_4)
DA:7,0
DA:8,0
DA:10,0
DA:11,0
DA:12,0
DA:13,0
DA:16,0
DA:17,0
DA:20,0
DA:21,0
DA:30,0
DA:31,0
DA:38,0
DA:82,0
LF:14
LH:0
BRF:0
BRH:0
end_of_record
TN:
SF:components/pages/BrandMarketplace.tsx
FN:6,BrandMarketplace
FN:22,(anonymous_1)
FN:29,(anonymous_2)
FN:31,(anonymous_3)
FN:45,(anonymous_4)
FN:50,(anonymous_5)
FN:55,(anonymous_6)
FN:61,(anonymous_7)
FN:72,(anonymous_8)
FN:108,(anonymous_9)
FN:112,(anonymous_10)
FN:132,(anonymous_11)
FN:169,(anonymous_12)
FN:191,(anonymous_13)
FN:213,(anonymous_14)
FN:245,(anonymous_15)
FN:266,(anonymous_16)
FN:273,(anonymous_17)
FN:313,(anonymous_18)
FN:332,(anonymous_19)
FN:343,(anonymous_20)
FN:352,(anonymous_21)
FN:361,(anonymous_22)
FNF:23
FNH:0
FNDA:0,BrandMarketplace
FNDA:0,(anonymous_1)
FNDA:0,(anonymous_2)
FNDA:0,(anonymous_3)
FNDA:0,(anonymous_4)
FNDA:0,(anonymous_5)
FNDA:0,(anonymous_6)
FNDA:0,(anonymous_7)
FNDA:0,(anonymous_8)
FNDA:0,(anonymous_9)
FNDA:0,(anonymous_10)
FNDA:0,(anonymous_11)
FNDA:0,(anonymous_12)
FNDA:0,(anonymous_13)
FNDA:0,(anonymous_14)
FNDA:0,(anonymous_15)
FNDA:0,(anonymous_16)
FNDA:0,(anonymous_17)
FNDA:0,(anonymous_18)
FNDA:0,(anonymous_19)
FNDA:0,(anonymous_20)
FNDA:0,(anonymous_21)
FNDA:0,(anonymous_22)
DA:7,0
DA:8,0
DA:9,0
DA:10,0
DA:11,0
DA:12,0
DA:13,0
DA:14,0
DA:16,0
DA:22,0
DA:23,0
DA:24,0
DA:25,0
DA:26,0
DA:29,0
DA:30,0
DA:31,0
DA:32,0
DA:38,0
DA:39,0
DA:40,0
DA:41,0
DA:45,0
DA:46,0
DA:47,0
DA:50,0
DA:51,0
DA:55,0
DA:56,0
DA:57,0
DA:58,0
DA:61,0
DA:62,0
DA:69,0
DA:72,0
DA:73,0
DA:74,0
DA:75,0
DA:76,0
DA:77,0
DA:78,0
DA:79,0
DA:80,0
DA:84,0
DA:109,0
DA:112,0
DA:133,0
DA:170,0
DA:192,0
DA:193,0
DA:214,0
DA:246,0
DA:267,0
DA:274,0
DA:275,0
DA:313,0
DA:332,0
DA:343,0
DA:352,0
DA:362,0
DA:363,0
DA:364,0
DA:385,0
LF:63
LH:0
BRDA:30,0,0,0
BRDA:30,0,1,0
BRDA:30,1,0,0
BRDA:30,1,1,0
BRDA:36,2,0,0
BRDA:36,2,1,0
BRDA:51,3,0,0
BRDA:51,3,1,0
BRDA:56,4,0,0
BRDA:56,4,1,0
BRDA:57,5,0,0
BRDA:57,5,1,0
BRDA:69,6,0,0
BRDA:69,6,1,0
BRDA:73,7,0,0
BRDA:73,7,1,0
BRDA:73,7,2,0
BRDA:73,7,3,0
BRDA:73,7,4,0
BRDA:73,7,5,0
BRDA:73,7,6,0
BRDA:111,8,0,0
BRDA:111,8,1,0
BRDA:114,9,0,0
BRDA:114,9,1,0
BRDA:122,10,0,0
BRDA:122,10,1,0
BRDA:137,11,0,0
BRDA:137,11,1,0
BRDA:205,12,0,0
BRDA:205,12,1,0
BRDA:207,13,0,0
BRDA:207,13,1,0
BRDA:224,14,0,0
BRDA:224,14,1,0
BRDA:237,15,0,0
BRDA:237,15,1,0
BRDA:239,16,0,0
BRDA:239,16,1,0
BRDA:271,17,0,0
BRDA:271,17,1,0
BRDA:274,18,0,0
BRDA:274,18,1,0
BRDA:280,19,0,0
BRDA:280,19,1,0
BRDA:285,20,0,0
BRDA:285,20,1,0
BRDA:320,21,0,0
BRDA:320,21,1,0
BRDA:370,22,0,0
BRDA:370,22,1,0
BRF:51
BRH:0
end_of_record
TN:
SF:components/pages/CloudStorage.tsx
FN:8,CloudStorage
FN:18,(anonymous_1)
FN:22,(anonymous_2)
FN:33,(anonymous_3)
FN:36,(anonymous_4)
FN:40,(anonymous_5)
FN:45,(anonymous_6)
FN:69,(anonymous_7)
FN:78,(anonymous_8)
FN:90,(anonymous_9)
FN:112,(anonymous_10)
FN:121,(anonymous_11)
FN:151,(anonymous_12)
FN:160,(anonymous_13)
FN:185,(anonymous_14)
FN:193,(anonymous_15)
FN:230,(anonymous_16)
FN:250,(anonymous_17)
FN:333,(anonymous_18)
FN:345,(anonymous_19)
FN:351,(anonymous_20)
FNF:21
FNH:0
FNDA:0,CloudStorage
FNDA:0,(anonymous_1)
FNDA:0,(anonymous_2)
FNDA:0,(anonymous_3)
FNDA:0,(anonymous_4)
FNDA:0,(anonymous_5)
FNDA:0,(anonymous_6)
FNDA:0,(anonymous_7)
FNDA:0,(anonymous_8)
FNDA:0,(anonymous_9)
FNDA:0,(anonymous_10)
FNDA:0,(anonymous_11)
FNDA:0,(anonymous_12)
FNDA:0,(anonymous_13)
FNDA:0,(anonymous_14)
FNDA:0,(anonymous_15)
FNDA:0,(anonymous_16)
FNDA:0,(anonymous_17)
FNDA:0,(anonymous_18)
FNDA:0,(anonymous_19)
FNDA:0,(anonymous_20)
DA:9,0
DA:10,0
DA:11,0
DA:12,0
DA:13,0
DA:14,0
DA:15,0
DA:16,0
DA:18,0
DA:19,0
DA:22,0
DA:23,0
DA:24,0
DA:25,0
DA:27,0
DA:28,0
DA:29,0
DA:33,0
DA:34,0
DA:35,0
DA:36,0
DA:37,0
DA:40,0
DA:41,0
DA:42,0
DA:45,0
DA:46,0
DA:47,0
DA:48,0
DA:51,0
DA:52,0
DA:53,0
DA:54,0
DA:55,0
DA:56,0
DA:57,0
DA:58,0
DA:59,0
DA:60,0
DA:62,0
DA:63,0
DA:65,0
DA:69,0
DA:70,0
DA:79,0
DA:80,0
DA:81,0
DA:82,0
DA:83,0
DA:90,0
DA:91,0
DA:92,0
DA:93,0
DA:94,0
DA:96,0
DA:97,0
DA:98,0
DA:99,0
DA:101,0
DA:102,0
DA:105,0
DA:106,0
DA:108,0
DA:112,0
DA:113,0
DA:122,0
DA:123,0
DA:124,0
DA:126,0
DA:127,0
DA:128,0
DA:129,0
DA:130,0
DA:132,0
DA:133,0
DA:136,0
DA:137,0
DA:140,0
DA:141,0
DA:143,0
DA:151,0
DA:152,0
DA:161,0
DA:162,0
DA:163,0
DA:165,0
DA:166,0
DA:167,0
DA:168,0
DA:170,0
DA:171,0
DA:174,0
DA:175,0
DA:177,0
DA:185,0
DA:186,0
DA:187,0
DA:188,0
DA:189,0
DA:190,0
DA:193,0
DA:194,0
DA:195,0
DA:198,0
DA:230,0
DA:250,0
DA:334,0
DA:345,0
DA:351,0
DA:368,0
LF:110
LH:0
BRDA:27,0,0,0
BRDA:27,0,1,0
BRDA:46,1,0,0
BRDA:46,1,1,0
BRDA:96,2,0,0
BRDA:96,2,1,0
BRDA:126,3,0,0
BRDA:126,3,1,0
BRDA:128,4,0,0
BRDA:128,4,1,0
BRDA:165,5,0,0
BRDA:165,5,1,0
BRDA:186,6,0,0
BRDA:186,6,1,0
BRDA:207,7,0,0
BRDA:207,7,1,0
BRDA:216,8,0,0
BRDA:216,8,1,0
BRDA:239,9,0,0
BRDA:239,9,1,0
BRDA:274,10,0,0
BRDA:274,10,1,0
BRDA:318,11,0,0
BRDA:318,11,1,0
BRDA:323,12,0,0
BRDA:323,12,1,0
BRF:26
BRH:0
end_of_record
TN:
SF:components/pages/CodeModifications.tsx
FN:8,CodeModifications
FN:22,(anonymous_1)
FN:26,(anonymous_2)
FN:33,(anonymous_3)
FN:38,(anonymous_4)
FN:46,(anonymous_5)
FN:50,(anonymous_6)
FN:64,(anonymous_7)
FN:74,(anonymous_8)
FN:83,(anonymous_9)
FN:102,(anonymous_10)
FN:111,(anonymous_11)
FN:126,(anonymous_12)
FN:141,(anonymous_13)
FN:176,(anonymous_14)
FN:184,(anonymous_15)
FN:195,(anonymous_16)
FN:204,(anonymous_17)
FN:229,(anonymous_18)
FN:244,(anonymous_19)
FN:320,(anonymous_20)
FN:329,(anonymous_21)
FN:338,(anonymous_22)
FNF:23
FNH:0
FNDA:0,CodeModifications
FNDA:0,(anonymous_1)
FNDA:0,(anonymous_2)
FNDA:0,(anonymous_3)
FNDA:0,(anonymous_4)
FNDA:0,(anonymous_5)
FNDA:0,(anonymous_6)
FNDA:0,(anonymous_7)
FNDA:0,(anonymous_8)
FNDA:0,(anonymous_9)
FNDA:0,(anonymous_10)
FNDA:0,(anonymous_11)
FNDA:0,(anonymous_12)
FNDA:0,(anonymous_13)
FNDA:0,(anonymous_14)
FNDA:0,(anonymous_15)
FNDA:0,(anonymous_16)
FNDA:0,(anonymous_17)
FNDA:0,(anonymous_18)
FNDA:0,(anonymous_19)
FNDA:0,(anonymous_20)
FNDA:0,(anonymous_21)
FNDA:0,(anonymous_22)
DA:9,0
DA:10,0
DA:11,0
DA:12,0
DA:13,0
DA:22,0
DA:23,0
DA:26,0
DA:27,0
DA:28,0
DA:29,0
DA:30,0
DA:33,0
DA:34,0
DA:35,0
DA:36,0
DA:38,0
DA:40,0
DA:42,0
DA:46,0
DA:47,0
DA:51,0
DA:52,0
DA:53,0
DA:54,0
DA:55,0
DA:57,0
DA:64,0
DA:65,0
DA:66,0
DA:67,0
DA:68,0
DA:70,0
DA:74,0
DA:75,0
DA:76,0
DA:77,0
DA:79,0
DA:83,0
DA:84,0
DA:85,0
DA:90,0
DA:93,0
DA:103,0
DA:104,0
DA:111,0
DA:112,0
DA:114,0
DA:116,0
DA:118,0
DA:120,0
DA:122,0
DA:126,0
DA:127,0
DA:129,0
DA:131,0
DA:133,0
DA:135,0
DA:137,0
DA:141,0
DA:142,0
DA:176,0
DA:184,0
DA:195,0
DA:204,0
DA:205,0
DA:229,0
DA:230,0
DA:232,0
DA:234,0
DA:236,0
DA:238,0
DA:240,0
DA:244,0
DA:245,0
DA:307,0
DA:320,0
DA:329,0
DA:338,0
DA:385,0
LF:80
LH:0
BRDA:51,0,0,0
BRDA:51,0,1,0
BRDA:84,1,0,0
BRDA:84,1,1,0
BRDA:84,2,0,0
BRDA:84,2,1,0
BRDA:94,3,0,0
BRDA:94,3,1,0
BRDA:95,4,0,0
BRDA:95,4,1,0
BRDA:112,5,0,0
BRDA:112,5,1,0
BRDA:112,5,2,0
BRDA:112,5,3,0
BRDA:112,5,4,0
BRDA:127,6,0,0
BRDA:127,6,1,0
BRDA:127,6,2,0
BRDA:127,6,3,0
BRDA:127,6,4,0
BRDA:165,7,0,0
BRDA:165,7,1,0
BRDA:172,8,0,0
BRDA:172,8,1,0
BRDA:192,9,0,0
BRDA:192,9,1,0
BRDA:192,9,2,0
BRDA:230,10,0,0
BRDA:230,10,1,0
BRDA:230,10,2,0
BRDA:230,10,3,0
BRDA:230,10,4,0
BRDA:292,11,0,0
BRDA:292,11,1,0
BRDA:319,12,0,0
BRDA:319,12,1,0
BRDA:322,13,0,0
BRDA:322,13,1,0
BRDA:328,14,0,0
BRDA:328,14,1,0
BRDA:331,15,0,0
BRDA:331,15,1,0
BRDA:337,16,0,0
BRDA:337,16,1,0
BRDA:340,17,0,0
BRDA:340,17,1,0
BRDA:347,18,0,0
BRDA:347,18,1,0
BRDA:349,19,0,0
BRDA:349,19,1,0
BRDA:363,20,0,0
BRDA:363,20,1,0
BRDA:365,21,0,0
BRDA:365,21,1,0
BRDA:379,22,0,0
BRDA:379,22,1,0
BRF:56
BRH:0
end_of_record
TN:
SF:components/pages/CollabFinder.tsx
FN:6,CollabFinder
FN:26,(anonymous_1)
FN:33,(anonymous_2)
FN:48,(anonymous_3)
FN:53,(anonymous_4)
FN:58,(anonymous_5)
FN:64,(anonymous_6)
FN:98,(anonymous_7)
FN:102,(anonymous_8)
FN:122,(anonymous_9)
FN:174,(anonymous_10)
FN:196,(anonymous_11)
FN:229,(anonymous_12)
FN:244,(anonymous_13)
FN:265,(anonymous_14)
FN:294,(anonymous_15)
FN:310,(anonymous_16)
FN:317,(anonymous_17)
FN:333,(anonymous_18)
FN:343,(anonymous_19)
FN:353,(anonymous_20)
FNF:21
FNH:0
FNDA:0,CollabFinder
FNDA:0,(anonymous_1)
FNDA:0,(anonymous_2)
FNDA:0,(anonymous_3)
FNDA:0,(anonymous_4)
FNDA:0,(anonymous_5)
FNDA:0,(anonymous_6)
FNDA:0,(anonymous_7)
FNDA:0,(anonymous_8)
FNDA:0,(anonymous_9)
FNDA:0,(anonymous_10)
FNDA:0,(anonymous_11)
FNDA:0,(anonymous_12)
FNDA:0,(anonymous_13)
FNDA:0,(anonymous_14)
FNDA:0,(anonymous_15)
FNDA:0,(anonymous_16)
FNDA:0,(anonymous_17)
FNDA:0,(anonymous_18)
FNDA:0,(anonymous_19)
FNDA:0,(anonymous_20)
DA:7,0
DA:8,0
DA:9,0
DA:10,0
DA:11,0
DA:12,0
DA:13,0
DA:14,0
DA:16,0
DA:26,0
DA:27,0
DA:28,0
DA:29,0
DA:30,0
DA:33,0
DA:34,0
DA:35,0
DA:41,0
DA:42,0
DA:43,0
DA:44,0
DA:48,0
DA:49,0
DA:50,0
DA:53,0
DA:54,0
DA:58,0
DA:59,0
DA:60,0
DA:61,0
DA:64,0
DA:65,0
DA:66,0
DA:67,0
DA:68,0
DA:69,0
DA:70,0
DA:74,0
DA:99,0
DA:102,0
DA:123,0
DA:175,0
DA:176,0
DA:197,0
DA:230,0
DA:245,0
DA:265,0
DA:294,0
DA:311,0
DA:317,0
DA:333,0
DA:343,0
DA:354,0
DA:355,0
DA:356,0
DA:376,0
LF:56
LH:0
BRDA:34,0,0,0
BRDA:34,0,1,0
BRDA:34,1,0,0
BRDA:34,1,1,0
BRDA:54,2,0,0
BRDA:54,2,1,0
BRDA:59,3,0,0
BRDA:59,3,1,0
BRDA:60,4,0,0
BRDA:60,4,1,0
BRDA:65,5,0,0
BRDA:65,5,1,0
BRDA:65,5,2,0
BRDA:65,5,3,0
BRDA:65,5,4,0
BRDA:101,6,0,0
BRDA:101,6,1,0
BRDA:104,7,0,0
BRDA:104,7,1,0
BRDA:112,8,0,0
BRDA:112,8,1,0
BRDA:128,9,0,0
BRDA:128,9,1,0
BRDA:188,10,0,0
BRDA:188,10,1,0
BRDA:190,11,0,0
BRDA:190,11,1,0
BRDA:221,12,0,0
BRDA:221,12,1,0
BRDA:223,13,0,0
BRDA:223,13,1,0
BRDA:248,14,0,0
BRDA:248,14,1,0
BRDA:250,15,0,0
BRDA:250,15,1,0
BRDA:254,16,0,0
BRDA:254,16,1,0
BRDA:262,17,0,0
BRDA:262,17,1,0
BRDA:300,18,0,0
BRDA:300,18,1,0
BRDA:315,19,0,0
BRDA:315,19,1,0
BRDA:321,20,0,0
BRDA:321,20,1,0
BRDA:362,21,0,0
BRDA:362,21,1,0
BRDA:362,21,2,0
BRDA:364,22,0,0
BRDA:364,22,1,0
BRF:50
BRH:0
end_of_record
TN:
SF:components/pages/CompetitorRadar.tsx
FN:6,CompetitorRadar
FN:21,(anonymous_1)
FN:28,(anonymous_2)
FN:42,(anonymous_3)
FN:47,(anonymous_4)
FN:52,(anonymous_5)
FN:57,(anonymous_6)
FN:65,(anonymous_7)
FN:75,(anonymous_8)
FN:81,(anonymous_9)
FN:133,(anonymous_10)
FN:137,(anonymous_11)
FN:153,(anonymous_12)
FN:162,(anonymous_13)
FN:207,(anonymous_14)
FN:215,(anonymous_15)
FN:234,(anonymous_16)
FN:238,(anonymous_17)
FN:260,(anonymous_18)
FN:294,(anonymous_19)
FN:304,(anonymous_20)
FN:313,(anonymous_21)
FN:320,(anonymous_22)
FN:327,(anonymous_23)
FN:343,(anonymous_24)
FN:351,(anonymous_25)
FNF:26
FNH:0
FNDA:0,CompetitorRadar
FNDA:0,(anonymous_1)
FNDA:0,(anonymous_2)
FNDA:0,(anonymous_3)
FNDA:0,(anonymous_4)
FNDA:0,(anonymous_5)
FNDA:0,(anonymous_6)
FNDA:0,(anonymous_7)
FNDA:0,(anonymous_8)
FNDA:0,(anonymous_9)
FNDA:0,(anonymous_10)
FNDA:0,(anonymous_11)
FNDA:0,(anonymous_12)
FNDA:0,(anonymous_13)
FNDA:0,(anonymous_14)
FNDA:0,(anonymous_15)
FNDA:0,(anonymous_16)
FNDA:0,(anonymous_17)
FNDA:0,(anonymous_18)
FNDA:0,(anonymous_19)
FNDA:0,(anonymous_20)
FNDA:0,(anonymous_21)
FNDA:0,(anonymous_22)
FNDA:0,(anonymous_23)
FNDA:0,(anonymous_24)
FNDA:0,(anonymous_25)
DA:7,0
DA:8,0
DA:9,0
DA:10,0
DA:11,0
DA:12,0
DA:14,0
DA:21,0
DA:22,0
DA:23,0
DA:24,0
DA:25,0
DA:28,0
DA:29,0
DA:30,0
DA:36,0
DA:37,0
DA:38,0
DA:42,0
DA:43,0
DA:44,0
DA:47,0
DA:48,0
DA:49,0
DA:52,0
DA:53,0
DA:54,0
DA:57,0
DA:58,0
DA:59,0
DA:60,0
DA:61,0
DA:65,0
DA:66,0
DA:67,0
DA:68,0
DA:69,0
DA:70,0
DA:71,0
DA:75,0
DA:76,0
DA:77,0
DA:78,0
DA:81,0
DA:82,0
DA:83,0
DA:84,0
DA:85,0
DA:86,0
DA:87,0
DA:91,0
DA:134,0
DA:137,0
DA:153,0
DA:163,0
DA:207,0
DA:215,0
DA:235,0
DA:238,0
DA:261,0
DA:294,0
DA:304,0
DA:313,0
DA:321,0
DA:327,0
DA:343,0
DA:351,0
DA:370,0
LF:68
LH:0
BRDA:29,0,0,0
BRDA:29,0,1,0
BRDA:29,1,0,0
BRDA:29,1,1,0
BRDA:58,2,0,0
BRDA:58,2,1,0
BRDA:58,2,2,0
BRDA:66,3,0,0
BRDA:66,3,1,0
BRDA:66,3,2,0
BRDA:66,3,3,0
BRDA:66,3,4,0
BRDA:76,4,0,0
BRDA:76,4,1,0
BRDA:77,5,0,0
BRDA:77,5,1,0
BRDA:82,6,0,0
BRDA:82,6,1,0
BRDA:82,6,2,0
BRDA:82,6,3,0
BRDA:82,6,4,0
BRDA:136,7,0,0
BRDA:136,7,1,0
BRDA:139,8,0,0
BRDA:139,8,1,0
BRDA:141,9,0,0
BRDA:141,9,1,0
BRDA:141,9,2,0
BRDA:150,10,0,0
BRDA:150,10,1,0
BRDA:160,11,0,0
BRDA:160,11,1,0
BRDA:183,12,0,0
BRDA:183,12,1,0
BRDA:184,13,0,0
BRDA:184,13,1,0
BRDA:205,14,0,0
BRDA:205,14,1,0
BRDA:210,15,0,0
BRDA:210,15,1,0
BRDA:226,16,0,0
BRDA:226,16,1,0
BRDA:228,17,0,0
BRDA:228,17,1,0
BRDA:237,18,0,0
BRDA:237,18,1,0
BRDA:258,19,0,0
BRDA:258,19,1,0
BRDA:277,20,0,0
BRDA:277,20,1,0
BRDA:278,21,0,0
BRDA:278,21,1,0
BRDA:325,22,0,0
BRDA:325,22,1,0
BRDA:331,23,0,0
BRDA:331,23,1,0
BRDA:358,24,0,0
BRDA:358,24,1,0
BRF:58
BRH:0
end_of_record
TN:
SF:components/pages/ContentEngine.tsx
FN:7,ContentEngine
FN:127,(anonymous_1)
FN:141,(anonymous_2)
FN:167,(anonymous_3)
FN:168,(anonymous_4)
FN:179,(anonymous_5)
FN:183,(anonymous_6)
FN:196,(anonymous_7)
FN:200,(anonymous_8)
FN:213,(anonymous_9)
FN:217,(anonymous_10)
FN:230,(anonymous_11)
FN:234,(anonymous_12)
FN:247,(anonymous_13)
FN:251,(anonymous_14)
FN:254,(anonymous_15)
FN:264,(anonymous_16)
FN:268,(anonymous_17)
FN:338,(anonymous_18)
FN:395,(anonymous_19)
FN:399,(anonymous_20)
FN:443,(anonymous_21)
FN:459,(anonymous_22)
FN:473,(anonymous_23)
FN:483,(anonymous_24)
FN:516,(anonymous_25)
FN:530,(anonymous_26)
FN:533,(anonymous_27)
FN:568,(anonymous_28)
FN:607,(anonymous_29)
FN:662,(anonymous_30)
FN:678,(anonymous_31)
FN:692,(anonymous_32)
FN:707,(anonymous_33)
FN:753,(anonymous_34)
FN:764,(anonymous_35)
FN:768,(anonymous_36)
FN:795,(anonymous_37)
FN:825,(anonymous_38)
FN:832,(anonymous_39)
FN:839,(anonymous_40)
FN:846,(anonymous_41)
FN:853,(anonymous_42)
FN:860,(anonymous_43)
FNF:44
FNH:0
FNDA:0,ContentEngine
FNDA:0,(anonymous_1)
FNDA:0,(anonymous_2)
FNDA:0,(anonymous_3)
FNDA:0,(anonymous_4)
FNDA:0,(anonymous_5)
FNDA:0,(anonymous_6)
FNDA:0,(anonymous_7)
FNDA:0,(anonymous_8)
FNDA:0,(anonymous_9)
FNDA:0,(anonymous_10)
FNDA:0,(anonymous_11)
FNDA:0,(anonymous_12)
FNDA:0,(anonymous_13)
FNDA:0,(anonymous_14)
FNDA:0,(anonymous_15)
FNDA:0,(anonymous_16)
FNDA:0,(anonymous_17)
FNDA:0,(anonymous_18)
FNDA:0,(anonymous_19)
FNDA:0,(anonymous_20)
FNDA:0,(anonymous_21)
FNDA:0,(anonymous_22)
FNDA:0,(anonymous_23)
FNDA:0,(anonymous_24)
FNDA:0,(anonymous_25)
FNDA:0,(anonymous_26)
FNDA:0,(anonymous_27)
FNDA:0,(anonymous_28)
FNDA:0,(anonymous_29)
FNDA:0,(anonymous_30)
FNDA:0,(anonymous_31)
FNDA:0,(anonymous_32)
FNDA:0,(anonymous_33)
FNDA:0,(anonymous_34)
FNDA:0,(anonymous_35)
FNDA:0,(anonymous_36)
FNDA:0,(anonymous_37)
FNDA:0,(anonymous_38)
FNDA:0,(anonymous_39)
FNDA:0,(anonymous_40)
FNDA:0,(anonymous_41)
FNDA:0,(anonymous_42)
FNDA:0,(anonymous_43)
DA:8,0
DA:9,0
DA:10,0
DA:11,0
DA:12,0
DA:13,0
DA:14,0
DA:15,0
DA:16,0
DA:17,0
DA:18,0
DA:19,0
DA:20,0
DA:21,0
DA:22,0
DA:23,0
DA:24,0
DA:25,0
DA:26,0
DA:28,0
DA:29,0
DA:30,0
DA:31,0
DA:32,0
DA:34,0
DA:35,0
DA:36,0
DA:37,0
DA:38,0
DA:40,0
DA:42,0
DA:60,0
DA:68,0
DA:77,0
DA:92,0
DA:101,0
DA:108,0
DA:117,0
DA:127,0
DA:128,0
DA:129,0
DA:130,0
DA:131,0
DA:137,0
DA:141,0
DA:142,0
DA:168,0
DA:180,0
DA:183,0
DA:197,0
DA:200,0
DA:214,0
DA:217,0
DA:231,0
DA:234,0
DA:248,0
DA:251,0
DA:254,0
DA:265,0
DA:268,0
DA:338,0
DA:396,0
DA:399,0
DA:444,0
DA:459,0
DA:460,0
DA:474,0
DA:484,0
DA:516,0
DA:517,0
DA:530,0
DA:533,0
DA:569,0
DA:607,0
DA:608,0
DA:663,0
DA:679,0
DA:692,0
DA:693,0
DA:708,0
DA:754,0
DA:764,0
DA:765,0
DA:769,0
DA:796,0
DA:814,0
DA:825,0
DA:832,0
DA:839,0
DA:846,0
DA:853,0
DA:860,0
DA:880,0
LF:93
LH:0
BRDA:128,0,0,0
BRDA:128,0,1,0
BRDA:129,1,0,0
BRDA:129,1,1,0
BRDA:182,2,0,0
BRDA:182,2,1,0
BRDA:185,3,0,0
BRDA:185,3,1,0
BRDA:199,4,0,0
BRDA:199,4,1,0
BRDA:202,5,0,0
BRDA:202,5,1,0
BRDA:216,6,0,0
BRDA:216,6,1,0
BRDA:219,7,0,0
BRDA:219,7,1,0
BRDA:233,8,0,0
BRDA:233,8,1,0
BRDA:236,9,0,0
BRDA:236,9,1,0
BRDA:250,10,0,0
BRDA:250,10,1,0
BRDA:253,11,0,0
BRDA:253,11,1,0
BRDA:267,12,0,0
BRDA:267,12,1,0
BRDA:270,13,0,0
BRDA:270,13,1,0
BRDA:341,14,0,0
BRDA:341,14,1,0
BRDA:344,15,0,0
BRDA:344,15,1,0
BRDA:353,16,0,0
BRDA:353,16,1,0
BRDA:391,17,0,0
BRDA:391,17,1,0
BRDA:398,18,0,0
BRDA:398,18,1,0
BRDA:401,19,0,0
BRDA:401,19,1,0
BRDA:416,20,0,0
BRDA:416,20,1,0
BRDA:445,21,0,0
BRDA:445,21,1,0
BRDA:445,22,0,0
BRDA:445,22,1,0
BRDA:530,23,0,0
BRDA:530,23,1,0
BRDA:531,24,0,0
BRDA:531,24,1,0
BRDA:533,25,0,0
BRDA:533,25,1,0
BRDA:534,26,0,0
BRDA:534,26,1,0
BRDA:560,27,0,0
BRDA:560,27,1,0
BRDA:567,28,0,0
BRDA:567,28,1,0
BRDA:569,29,0,0
BRDA:569,29,1,0
BRDA:710,30,0,0
BRDA:710,30,1,0
BRDA:824,31,0,0
BRDA:824,31,1,0
BRDA:827,32,0,0
BRDA:827,32,1,0
BRDA:828,33,0,0
BRDA:828,33,1,0
BRDA:831,34,0,0
BRDA:831,34,1,0
BRDA:834,35,0,0
BRDA:834,35,1,0
BRDA:835,36,0,0
BRDA:835,36,1,0
BRDA:838,37,0,0
BRDA:838,37,1,0
BRDA:841,38,0,0
BRDA:841,38,1,0
BRDA:842,39,0,0
BRDA:842,39,1,0
BRDA:845,40,0,0
BRDA:845,40,1,0
BRDA:848,41,0,0
BRDA:848,41,1,0
BRDA:849,42,0,0
BRDA:849,42,1,0
BRDA:852,43,0,0
BRDA:852,43,1,0
BRDA:855,44,0,0
BRDA:855,44,1,0
BRDA:856,45,0,0
BRDA:856,45,1,0
BRDA:859,46,0,0
BRDA:859,46,1,0
BRDA:862,47,0,0
BRDA:862,47,1,0
BRDA:863,48,0,0
BRDA:863,48,1,0
BRDA:869,49,0,0
BRDA:869,49,1,0
BRDA:870,50,0,0
BRDA:870,50,1,0
BRDA:871,51,0,0
BRDA:871,51,1,0
BRDA:872,52,0,0
BRDA:872,52,1,0
BRDA:873,53,0,0
BRDA:873,53,1,0
BRDA:874,54,0,0
BRDA:874,54,1,0
BRF:110
BRH:0
end_of_record
TN:
SF:components/pages/DataSources.tsx
FN:5,DataSources
FN:22,(anonymous_1)
FNF:2
FNH:0
FNDA:0,DataSources
FNDA:0,(anonymous_1)
DA:6,0
DA:8,0
DA:15,0
DA:23,0
DA:24,0
DA:53,0
LF:6
LH:0
BRDA:33,0,0,0
BRDA:33,0,1,0
BRF:2
BRH:0
end_of_record
TN:
SF:components/pages/DeveloperConsole.tsx
FN:6,DeveloperConsole
FN:30,(anonymous_1)
FNF:2
FNH:0
FNDA:0,DeveloperConsole
FNDA:0,(anonymous_1)
DA:7,0
DA:8,0
DA:10,0
DA:18,0
DA:31,0
DA:74,0
LF:6
LH:0
BRDA:35,0,0,0
BRDA:35,0,1,0
BRDA:35,1,0,0
BRDA:35,1,1,0
BRF:4
BRH:0
end_of_record
TN:
SF:components/pages/EmailMarketing.tsx
FN:6,EmailMarketing
FN:23,(anonymous_1)
FN:58,(anonymous_2)
FN:67,(anonymous_3)
FN:72,(anonymous_4)
FN:79,(anonymous_5)
FN:89,(anonymous_6)
FN:104,(anonymous_7)
FN:134,(anonymous_8)
FN:138,(anonymous_9)
FN:150,(anonymous_10)
FN:159,(anonymous_11)
FN:205,(anonymous_12)
FN:225,(anonymous_13)
FN:245,(anonymous_14)
FN:260,(anonymous_15)
FN:269,(anonymous_16)
FN:308,(anonymous_17)
FN:327,(anonymous_18)
FN:337,(anonymous_19)
FN:344,(anonymous_20)
FN:351,(anonymous_21)
FN:367,(anonymous_22)
FN:374,(anonymous_23)
FN:381,(anonymous_24)
FN:396,(anonymous_25)
FNF:26
FNH:0
FNDA:0,EmailMarketing
FNDA:0,(anonymous_1)
FNDA:0,(anonymous_2)
FNDA:0,(anonymous_3)
FNDA:0,(anonymous_4)
FNDA:0,(anonymous_5)
FNDA:0,(anonymous_6)
FNDA:0,(anonymous_7)
FNDA:0,(anonymous_8)
FNDA:0,(anonymous_9)
FNDA:0,(anonymous_10)
FNDA:0,(anonymous_11)
FNDA:0,(anonymous_12)
FNDA:0,(anonymous_13)
FNDA:0,(anonymous_14)
FNDA:0,(anonymous_15)
FNDA:0,(anonymous_16)
FNDA:0,(anonymous_17)
FNDA:0,(anonymous_18)
FNDA:0,(anonymous_19)
FNDA:0,(anonymous_20)
FNDA:0,(anonymous_21)
FNDA:0,(anonymous_22)
FNDA:0,(anonymous_23)
FNDA:0,(anonymous_24)
FNDA:0,(anonymous_25)
DA:7,0
DA:8,0
DA:9,0
DA:10,0
DA:11,0
DA:12,0
DA:13,0
DA:15,0
DA:23,0
DA:24,0
DA:25,0
DA:26,0
DA:33,0
DA:34,0
DA:35,0
DA:48,0
DA:49,0
DA:50,0
DA:52,0
DA:54,0
DA:58,0
DA:59,0
DA:60,0
DA:61,0
DA:63,0
DA:67,0
DA:68,0
DA:69,0
DA:72,0
DA:73,0
DA:74,0
DA:75,0
DA:76,0
DA:79,0
DA:80,0
DA:89,0
DA:90,0
DA:92,0
DA:94,0
DA:96,0
DA:98,0
DA:100,0
DA:104,0
DA:105,0
DA:106,0
DA:107,0
DA:110,0
DA:135,0
DA:138,0
DA:150,0
DA:160,0
DA:205,0
DA:226,0
DA:246,0
DA:261,0
DA:269,0
DA:309,0
DA:327,0
DA:337,0
DA:345,0
DA:351,0
DA:367,0
DA:375,0
DA:381,0
DA:397,0
DA:398,0
DA:420,0
LF:67
LH:0
BRDA:34,0,0,0
BRDA:34,0,1,0
BRDA:36,1,0,0
BRDA:36,1,1,0
BRDA:90,2,0,0
BRDA:90,2,1,0
BRDA:90,2,2,0
BRDA:90,2,3,0
BRDA:90,2,4,0
BRDA:105,3,0,0
BRDA:105,3,1,0
BRDA:106,4,0,0
BRDA:106,4,1,0
BRDA:137,5,0,0
BRDA:137,5,1,0
BRDA:140,6,0,0
BRDA:140,6,1,0
BRDA:156,7,0,0
BRDA:156,7,1,0
BRDA:164,8,0,0
BRDA:164,8,1,0
BRDA:184,9,0,0
BRDA:184,9,1,0
BRDA:202,10,0,0
BRDA:202,10,1,0
BRDA:211,11,0,0
BRDA:211,11,1,0
BRDA:211,11,2,0
BRDA:222,12,0,0
BRDA:222,12,1,0
BRDA:257,13,0,0
BRDA:257,13,1,0
BRDA:267,14,0,0
BRDA:267,14,1,0
BRDA:272,15,0,0
BRDA:272,15,1,0
BRDA:305,16,0,0
BRDA:305,16,1,0
BRDA:349,17,0,0
BRDA:349,17,1,0
BRDA:355,18,0,0
BRDA:355,18,1,0
BRDA:379,19,0,0
BRDA:379,19,1,0
BRDA:385,20,0,0
BRDA:385,20,1,0
BRDA:404,21,0,0
BRDA:404,21,1,0
BRDA:406,22,0,0
BRDA:406,22,1,0
BRDA:409,23,0,0
BRDA:409,23,1,0
BRF:52
BRH:0
end_of_record
TN:
SF:components/pages/Integrations.tsx
FN:8,IntegrationsPage
FN:16,(anonymous_1)
FN:20,(anonymous_2)
FN:25,(anonymous_3)
FN:35,(anonymous_4)
FN:37,(anonymous_5)
FN:51,(anonymous_6)
FN:60,(anonymous_7)
FN:65,(anonymous_8)
FN:118,(anonymous_9)
FN:122,(anonymous_10)
FN:132,(anonymous_11)
FN:136,(anonymous_12)
FN:153,(anonymous_13)
FN:169,(anonymous_14)
FN:179,(anonymous_15)
FN:189,(anonymous_16)
FN:197,(anonymous_17)
FN:210,(anonymous_18)
FN:217,(anonymous_19)
FN:230,(anonymous_20)
FN:241,(anonymous_21)
FNF:22
FNH:0
FNDA:0,IntegrationsPage
FNDA:0,(anonymous_1)
FNDA:0,(anonymous_2)
FNDA:0,(anonymous_3)
FNDA:0,(anonymous_4)
FNDA:0,(anonymous_5)
FNDA:0,(anonymous_6)
FNDA:0,(anonymous_7)
FNDA:0,(anonymous_8)
FNDA:0,(anonymous_9)
FNDA:0,(anonymous_10)
FNDA:0,(anonymous_11)
FNDA:0,(anonymous_12)
FNDA:0,(anonymous_13)
FNDA:0,(anonymous_14)
FNDA:0,(anonymous_15)
FNDA:0,(anonymous_16)
FNDA:0,(anonymous_17)
FNDA:0,(anonymous_18)
FNDA:0,(anonymous_19)
FNDA:0,(anonymous_20)
FNDA:0,(anonymous_21)
DA:9,0
DA:10,0
DA:11,0
DA:12,0
DA:13,0
DA:14,0
DA:16,0
DA:17,0
DA:20,0
DA:21,0
DA:22,0
DA:25,0
DA:26,0
DA:28,0
DA:29,0
DA:32,0
DA:33,0
DA:35,0
DA:36,0
DA:37,0
DA:38,0
DA:39,0
DA:40,0
DA:41,0
DA:42,0
DA:44,0
DA:46,0
DA:48,0
DA:51,0
DA:52,0
DA:53,0
DA:54,0
DA:55,0
DA:56,0
DA:57,0
DA:60,0
DA:61,0
DA:62,0
DA:65,0
DA:66,0
DA:67,0
DA:68,0
DA:69,0
DA:70,0
DA:71,0
DA:75,0
DA:119,0
DA:122,0
DA:133,0
DA:136,0
DA:153,0
DA:170,0
DA:180,0
DA:190,0
DA:197,0
DA:210,0
DA:218,0
DA:219,0
DA:231,0
DA:232,0
DA:241,0
DA:259,0
LF:62
LH:0
BRDA:26,0,0,0
BRDA:26,0,1,0
BRDA:28,1,0,0
BRDA:28,1,1,0
BRDA:29,2,0,0
BRDA:29,2,1,0
BRDA:36,3,0,0
BRDA:36,3,1,0
BRDA:38,4,0,0
BRDA:38,4,1,0
BRDA:38,5,0,0
BRDA:38,5,1,0
BRDA:62,6,0,0
BRDA:62,6,1,0
BRDA:66,7,0,0
BRDA:66,7,1,0
BRDA:66,7,2,0
BRDA:66,7,3,0
BRDA:66,7,4,0
BRDA:121,8,0,0
BRDA:121,8,1,0
BRDA:124,9,0,0
BRDA:124,9,1,0
BRDA:125,10,0,0
BRDA:125,10,1,0
BRDA:136,11,0,0
BRDA:136,11,1,0
BRDA:155,12,0,0
BRDA:155,12,1,0
BRDA:157,13,0,0
BRDA:157,13,1,0
BRDA:165,14,0,0
BRDA:165,14,1,0
BRDA:196,15,0,0
BRDA:196,15,1,0
BRDA:196,16,0,0
BRDA:196,16,1,0
BRDA:196,17,0,0
BRDA:196,17,1,0
BRDA:199,18,0,0
BRDA:199,18,1,0
BRDA:206,19,0,0
BRDA:206,19,1,0
BRDA:238,20,0,0
BRDA:238,20,1,0
BRF:45
BRH:0
end_of_record
TN:
SF:components/pages/IoTDevices.tsx
FN:7,IoTDevices
FN:23,(anonymous_1)
FN:72,(anonymous_2)
FN:86,(anonymous_3)
FN:95,(anonymous_4)
FN:104,(anonymous_5)
FN:109,(anonymous_6)
FN:124,(anonymous_7)
FN:141,(anonymous_8)
FN:150,(anonymous_9)
FN:167,(anonymous_10)
FN:176,(anonymous_11)
FN:180,(anonymous_12)
FN:197,(anonymous_13)
FN:208,(anonymous_14)
FN:242,(anonymous_15)
FN:248,(anonymous_16)
FN:267,(anonymous_17)
FN:280,(anonymous_18)
FN:296,(anonymous_19)
FN:302,(anonymous_20)
FN:316,(anonymous_21)
FN:322,(anonymous_22)
FN:341,(anonymous_23)
FN:354,(anonymous_24)
FN:365,(anonymous_25)
FN:378,(anonymous_26)
FN:390,(anonymous_27)
FNF:28
FNH:0
FNDA:0,IoTDevices
FNDA:0,(anonymous_1)
FNDA:0,(anonymous_2)
FNDA:0,(anonymous_3)
FNDA:0,(anonymous_4)
FNDA:0,(anonymous_5)
FNDA:0,(anonymous_6)
FNDA:0,(anonymous_7)
FNDA:0,(anonymous_8)
FNDA:0,(anonymous_9)
FNDA:0,(anonymous_10)
FNDA:0,(anonymous_11)
FNDA:0,(anonymous_12)
FNDA:0,(anonymous_13)
FNDA:0,(anonymous_14)
FNDA:0,(anonymous_15)
FNDA:0,(anonymous_16)
FNDA:0,(anonymous_17)
FNDA:0,(anonymous_18)
FNDA:0,(anonymous_19)
FNDA:0,(anonymous_20)
FNDA:0,(anonymous_21)
FNDA:0,(anonymous_22)
FNDA:0,(anonymous_23)
FNDA:0,(anonymous_24)
FNDA:0,(anonymous_25)
FNDA:0,(anonymous_26)
FNDA:0,(anonymous_27)
DA:8,0
DA:9,0
DA:10,0
DA:11,0
DA:12,0
DA:14,0
DA:23,0
DA:24,0
DA:25,0
DA:26,0
DA:29,0
DA:30,0
DA:31,0
DA:39,0
DA:53,0
DA:54,0
DA:62,0
DA:63,0
DA:64,0
DA:65,0
DA:67,0
DA:68,0
DA:72,0
DA:73,0
DA:74,0
DA:75,0
DA:76,0
DA:77,0
DA:79,0
DA:80,0
DA:82,0
DA:86,0
DA:87,0
DA:96,0
DA:97,0
DA:104,0
DA:105,0
DA:109,0
DA:110,0
DA:112,0
DA:114,0
DA:116,0
DA:118,0
DA:120,0
DA:124,0
DA:125,0
DA:129,0
DA:132,0
DA:135,0
DA:137,0
DA:141,0
DA:142,0
DA:143,0
DA:144,0
DA:146,0
DA:150,0
DA:167,0
DA:177,0
DA:180,0
DA:198,0
DA:209,0
DA:222,0
DA:242,0
DA:248,0
DA:267,0
DA:280,0
DA:296,0
DA:302,0
DA:317,0
DA:318,0
DA:322,0
DA:341,0
DA:354,0
DA:365,0
DA:378,0
DA:390,0
DA:407,0
LF:77
LH:0
BRDA:24,0,0,0
BRDA:24,0,1,0
BRDA:24,1,0,0
BRDA:24,1,1,0
BRDA:30,2,0,0
BRDA:30,2,1,0
BRDA:72,3,0,0
BRDA:80,4,0,0
BRDA:80,4,1,0
BRDA:105,5,0,0
BRDA:105,5,1,0
BRDA:110,6,0,0
BRDA:110,6,1,0
BRDA:110,6,2,0
BRDA:110,6,3,0
BRDA:110,6,4,0
BRDA:125,7,0,0
BRDA:125,7,1,0
BRDA:125,7,2,0
BRDA:125,7,3,0
BRDA:125,7,4,0
BRDA:125,7,5,0
BRDA:125,7,6,0
BRDA:125,7,7,0
BRDA:150,8,0,0
BRDA:150,8,1,0
BRDA:173,9,0,0
BRDA:173,9,1,0
BRDA:187,10,0,0
BRDA:187,10,1,0
BRDA:242,11,0,0
BRDA:242,11,1,0
BRDA:248,12,0,0
BRDA:248,12,1,0
BRDA:272,13,0,0
BRDA:272,13,1,0
BRDA:277,14,0,0
BRDA:277,14,1,0
BRDA:279,15,0,0
BRDA:279,15,1,0
BRDA:321,16,0,0
BRDA:321,16,1,0
BRDA:324,17,0,0
BRDA:324,17,1,0
BRDA:325,18,0,0
BRDA:325,18,1,0
BRDA:345,19,0,0
BRDA:345,19,1,0
BRF:48
BRH:0
end_of_record
TN:
SF:components/pages/MediaGenerator.tsx
FN:6,MediaGenerator
FN:108,(anonymous_1)
FN:134,(anonymous_2)
FN:147,(anonymous_3)
FN:151,(anonymous_4)
FN:164,(anonymous_5)
FN:168,(anonymous_6)
FN:181,(anonymous_7)
FN:185,(anonymous_8)
FN:198,(anonymous_9)
FN:202,(anonymous_10)
FN:215,(anonymous_11)
FN:219,(anonymous_12)
FN:275,(anonymous_13)
FN:356,(anonymous_14)
FN:375,(anonymous_15)
FN:389,(anonymous_16)
FN:395,(anonymous_17)
FN:404,(anonymous_18)
FN:437,(anonymous_19)
FN:479,(anonymous_20)
FN:483,(anonymous_21)
FN:503,(anonymous_22)
FN:507,(anonymous_23)
FN:548,(anonymous_24)
FN:611,(anonymous_25)
FN:635,(anonymous_26)
FN:642,(anonymous_27)
FN:649,(anonymous_28)
FN:656,(anonymous_29)
FN:663,(anonymous_30)
FNF:31
FNH:0
FNDA:0,MediaGenerator
FNDA:0,(anonymous_1)
FNDA:0,(anonymous_2)
FNDA:0,(anonymous_3)
FNDA:0,(anonymous_4)
FNDA:0,(anonymous_5)
FNDA:0,(anonymous_6)
FNDA:0,(anonymous_7)
FNDA:0,(anonymous_8)
FNDA:0,(anonymous_9)
FNDA:0,(anonymous_10)
FNDA:0,(anonymous_11)
FNDA:0,(anonymous_12)
FNDA:0,(anonymous_13)
FNDA:0,(anonymous_14)
FNDA:0,(anonymous_15)
FNDA:0,(anonymous_16)
FNDA:0,(anonymous_17)
FNDA:0,(anonymous_18)
FNDA:0,(anonymous_19)
FNDA:0,(anonymous_20)
FNDA:0,(anonymous_21)
FNDA:0,(anonymous_22)
FNDA:0,(anonymous_23)
FNDA:0,(anonymous_24)
FNDA:0,(anonymous_25)
FNDA:0,(anonymous_26)
FNDA:0,(anonymous_27)
FNDA:0,(anonymous_28)
FNDA:0,(anonymous_29)
FNDA:0,(anonymous_30)
DA:7,0
DA:8,0
DA:9,0
DA:10,0
DA:11,0
DA:12,0
DA:13,0
DA:14,0
DA:15,0
DA:16,0
DA:17,0
DA:18,0
DA:19,0
DA:20,0
DA:21,0
DA:22,0
DA:23,0
DA:24,0
DA:25,0
DA:26,0
DA:27,0
DA:28,0
DA:30,0
DA:45,0
DA:58,0
DA:69,0
DA:83,0
DA:94,0
DA:101,0
DA:108,0
DA:109,0
DA:135,0
DA:148,0
DA:151,0
DA:165,0
DA:168,0
DA:182,0
DA:185,0
DA:199,0
DA:202,0
DA:216,0
DA:219,0
DA:275,0
DA:357,0
DA:375,0
DA:376,0
DA:389,0
DA:395,0
DA:405,0
DA:438,0
DA:479,0
DA:480,0
DA:484,0
DA:503,0
DA:504,0
DA:508,0
DA:548,0
DA:549,0
DA:612,0
DA:624,0
DA:635,0
DA:642,0
DA:649,0
DA:656,0
DA:663,0
DA:682,0
LF:66
LH:0
BRDA:150,0,0,0
BRDA:150,0,1,0
BRDA:153,1,0,0
BRDA:153,1,1,0
BRDA:167,2,0,0
BRDA:167,2,1,0
BRDA:170,3,0,0
BRDA:170,3,1,0
BRDA:184,4,0,0
BRDA:184,4,1,0
BRDA:187,5,0,0
BRDA:187,5,1,0
BRDA:201,6,0,0
BRDA:201,6,1,0
BRDA:204,7,0,0
BRDA:204,7,1,0
BRDA:218,8,0,0
BRDA:218,8,1,0
BRDA:221,9,0,0
BRDA:221,9,1,0
BRDA:278,10,0,0
BRDA:278,10,1,0
BRDA:281,11,0,0
BRDA:281,11,1,0
BRDA:322,12,0,0
BRDA:322,12,1,0
BRDA:357,13,0,0
BRDA:357,13,1,0
BRDA:359,14,0,0
BRDA:359,14,1,0
BRDA:360,15,0,0
BRDA:360,15,1,0
BRDA:363,16,0,0
BRDA:363,16,1,0
BRDA:388,17,0,0
BRDA:388,17,1,0
BRDA:391,18,0,0
BRDA:391,18,1,0
BRDA:394,19,0,0
BRDA:394,19,1,0
BRDA:397,20,0,0
BRDA:397,20,1,0
BRDA:436,21,0,0
BRDA:436,21,1,0
BRDA:438,22,0,0
BRDA:438,22,1,0
BRDA:527,23,0,0
BRDA:527,23,1,0
BRDA:532,24,0,0
BRDA:532,24,1,0
BRDA:634,25,0,0
BRDA:634,25,1,0
BRDA:637,26,0,0
BRDA:637,26,1,0
BRDA:638,27,0,0
BRDA:638,27,1,0
BRDA:641,28,0,0
BRDA:641,28,1,0
BRDA:644,29,0,0
BRDA:644,29,1,0
BRDA:645,30,0,0
BRDA:645,30,1,0
BRDA:648,31,0,0
BRDA:648,31,1,0
BRDA:651,32,0,0
BRDA:651,32,1,0
BRDA:652,33,0,0
BRDA:652,33,1,0
BRDA:655,34,0,0
BRDA:655,34,1,0
BRDA:658,35,0,0
BRDA:658,35,1,0
BRDA:659,36,0,0
BRDA:659,36,1,0
BRDA:662,37,0,0
BRDA:662,37,1,0
BRDA:665,38,0,0
BRDA:665,38,1,0
BRDA:666,39,0,0
BRDA:666,39,1,0
BRDA:672,40,0,0
BRDA:672,40,1,0
BRDA:673,41,0,0
BRDA:673,41,1,0
BRDA:674,42,0,0
BRDA:674,42,1,0
BRDA:675,43,0,0
BRDA:675,43,1,0
BRDA:676,44,0,0
BRDA:676,44,1,0
BRF:90
BRH:0
end_of_record
TN:
SF:components/pages/MediaStudio.tsx
FN:5,MediaStudio
FN:42,(anonymous_1)
FNF:2
FNH:0
FNDA:0,MediaStudio
FNDA:0,(anonymous_1)
DA:6,0
DA:8,0
DA:43,0
DA:55,0
LF:4
LH:0
BRF:0
BRH:0
end_of_record
TN:
SF:components/pages/Monetization.tsx
FN:6,Monetization
FN:55,(anonymous_1)
FNF:2
FNH:0
FNDA:0,Monetization
FNDA:0,(anonymous_1)
DA:7,0
DA:8,0
DA:10,0
DA:17,0
DA:56,0
DA:73,0
LF:6
LH:0
BRF:0
BRH:0
end_of_record
TN:
SF:components/pages/OverviewDashboard.tsx
FN:6,OverviewDashboard
FN:136,(anonymous_1)
FN:154,(anonymous_2)
FN:186,(anonymous_3)
FN:224,(anonymous_4)
FN:237,(anonymous_5)
FN:257,(anonymous_6)
FN:273,(anonymous_7)
FN:293,(anonymous_8)
FN:316,(anonymous_9)
FN:331,(anonymous_10)
FN:365,(anonymous_11)
FN:384,(anonymous_12)
FN:417,(anonymous_13)
FNF:14
FNH:0
FNDA:0,OverviewDashboard
FNDA:0,(anonymous_1)
FNDA:0,(anonymous_2)
FNDA:0,(anonymous_3)
FNDA:0,(anonymous_4)
FNDA:0,(anonymous_5)
FNDA:0,(anonymous_6)
FNDA:0,(anonymous_7)
FNDA:0,(anonymous_8)
FNDA:0,(anonymous_9)
FNDA:0,(anonymous_10)
FNDA:0,(anonymous_11)
FNDA:0,(anonymous_12)
FNDA:0,(anonymous_13)
DA:7,0
DA:8,0
DA:10,0
DA:17,0
DA:24,0
DA:32,0
DA:39,0
DA:46,0
DA:55,0
DA:65,0
DA:74,0
DA:80,0
DA:88,0
DA:94,0
DA:137,0
DA:138,0
DA:155,0
DA:187,0
DA:225,0
DA:238,0
DA:258,0
DA:274,0
DA:294,0
DA:317,0
DA:332,0
DA:366,0
DA:385,0
DA:386,0
DA:418,0
DA:461,0
LF:30
LH:0
BRDA:143,0,0,0
BRDA:143,0,1,0
BRDA:144,1,0,0
BRDA:144,1,1,0
BRDA:145,2,0,0
BRDA:145,2,1,0
BRDA:189,3,0,0
BRDA:189,3,1,0
BRDA:189,4,0,0
BRDA:189,4,1,0
BRDA:189,5,0,0
BRDA:189,5,1,0
BRDA:322,6,0,0
BRDA:322,6,1,0
BRDA:345,7,0,0
BRDA:345,7,1,0
BRDA:346,8,0,0
BRDA:346,8,1,0
BRDA:352,9,0,0
BRDA:352,9,1,0
BRDA:366,10,0,0
BRDA:366,10,1,0
BRDA:366,11,0,0
BRDA:366,11,1,0
BRDA:368,12,0,0
BRDA:368,12,1,0
BRDA:368,13,0,0
BRDA:368,13,1,0
BRDA:400,14,0,0
BRDA:400,14,1,0
BRDA:400,15,0,0
BRDA:400,15,1,0
BRF:32
BRH:0
end_of_record
TN:
SF:components/pages/PersonaBuilder.tsx
FN:13,PersonaBuilder
FN:18,(anonymous_1)
FN:22,(anonymous_2)
FN:27,(anonymous_3)
FN:34,(anonymous_4)
FN:44,(anonymous_5)
FN:49,(anonymous_6)
FN:54,(anonymous_7)
FN:58,(anonymous_8)
FN:72,(anonymous_9)
FN:81,(anonymous_10)
FN:91,(anonymous_11)
FN:99,(anonymous_12)
FN:117,(anonymous_13)
FN:124,(anonymous_14)
FN:135,(anonymous_15)
FN:150,(anonymous_16)
FN:163,(anonymous_17)
FN:172,(anonymous_18)
FN:195,(anonymous_19)
FN:210,(anonymous_20)
FN:225,(anonymous_21)
FN:236,(anonymous_22)
FN:255,(anonymous_23)
FN:266,(anonymous_24)
FN:286,(anonymous_25)
FN:302,(anonymous_26)
FN:318,(anonymous_27)
FN:334,(anonymous_28)
FN:351,(anonymous_29)
FN:376,(anonymous_30)
FN:383,(anonymous_31)
FN:423,(anonymous_32)
FN:431,(anonymous_33)
FN:439,(anonymous_34)
FN:447,(anonymous_35)
FNF:36
FNH:0
FNDA:0,PersonaBuilder
FNDA:0,(anonymous_1)
FNDA:0,(anonymous_2)
FNDA:0,(anonymous_3)
FNDA:0,(anonymous_4)
FNDA:0,(anonymous_5)
FNDA:0,(anonymous_6)
FNDA:0,(anonymous_7)
FNDA:0,(anonymous_8)
FNDA:0,(anonymous_9)
FNDA:0,(anonymous_10)
FNDA:0,(anonymous_11)
FNDA:0,(anonymous_12)
FNDA:0,(anonymous_13)
FNDA:0,(anonymous_14)
FNDA:0,(anonymous_15)
FNDA:0,(anonymous_16)
FNDA:0,(anonymous_17)
FNDA:0,(anonymous_18)
FNDA:0,(anonymous_19)
FNDA:0,(anonymous_20)
FNDA:0,(anonymous_21)
FNDA:0,(anonymous_22)
FNDA:0,(anonymous_23)
FNDA:0,(anonymous_24)
FNDA:0,(anonymous_25)
FNDA:0,(anonymous_26)
FNDA:0,(anonymous_27)
FNDA:0,(anonymous_28)
FNDA:0,(anonymous_29)
FNDA:0,(anonymous_30)
FNDA:0,(anonymous_31)
FNDA:0,(anonymous_32)
FNDA:0,(anonymous_33)
FNDA:0,(anonymous_34)
FNDA:0,(anonymous_35)
DA:14,0
DA:15,0
DA:16,0
DA:18,0
DA:19,0
DA:22,0
DA:23,0
DA:24,0
DA:27,0
DA:28,0
DA:29,0
DA:34,0
DA:35,0
DA:36,0
DA:37,0
DA:38,0
DA:39,0
DA:40,0
DA:44,0
DA:45,0
DA:46,0
DA:49,0
DA:50,0
DA:51,0
DA:54,0
DA:55,0
DA:59,0
DA:60,0
DA:61,0
DA:62,0
DA:63,0
DA:65,0
DA:72,0
DA:73,0
DA:82,0
DA:83,0
DA:84,0
DA:91,0
DA:92,0
DA:100,0
DA:101,0
DA:102,0
DA:109,0
DA:110,0
DA:117,0
DA:118,0
DA:125,0
DA:136,0
DA:137,0
DA:151,0
DA:163,0
DA:164,0
DA:173,0
DA:195,0
DA:210,0
DA:225,0
DA:236,0
DA:237,0
DA:255,0
DA:266,0
DA:286,0
DA:302,0
DA:318,0
DA:334,0
DA:351,0
DA:352,0
DA:354,0
DA:376,0
DA:384,0
DA:399,0
DA:423,0
DA:431,0
DA:439,0
DA:447,0
DA:465,0
LF:75
LH:0
BRDA:35,0,0,0
BRDA:35,0,1,0
BRDA:37,1,0,0
BRDA:37,1,1,0
BRDA:59,2,0,0
BRDA:59,2,1,0
BRDA:61,3,0,0
BRDA:61,3,1,0
BRDA:109,4,0,0
BRDA:109,4,1,0
BRDA:136,5,0,0
BRDA:136,5,1,0
BRDA:199,6,0,0
BRDA:199,6,1,0
BRDA:214,7,0,0
BRDA:214,7,1,0
BRDA:229,8,0,0
BRDA:229,8,1,0
BRDA:289,9,0,0
BRDA:289,9,1,0
BRDA:295,10,0,0
BRDA:295,10,1,0
BRDA:296,11,0,0
BRDA:296,11,1,0
BRDA:305,12,0,0
BRDA:305,12,1,0
BRDA:311,13,0,0
BRDA:311,13,1,0
BRDA:312,14,0,0
BRDA:312,14,1,0
BRDA:321,15,0,0
BRDA:321,15,1,0
BRDA:327,16,0,0
BRDA:327,16,1,0
BRDA:328,17,0,0
BRDA:328,17,1,0
BRDA:337,18,0,0
BRDA:337,18,1,0
BRDA:343,19,0,0
BRDA:343,19,1,0
BRDA:344,20,0,0
BRDA:344,20,1,0
BRDA:422,21,0,0
BRDA:422,21,1,0
BRDA:425,22,0,0
BRDA:425,22,1,0
BRDA:426,23,0,0
BRDA:426,23,1,0
BRDA:430,24,0,0
BRDA:430,24,1,0
BRDA:433,25,0,0
BRDA:433,25,1,0
BRDA:434,26,0,0
BRDA:434,26,1,0
BRDA:438,27,0,0
BRDA:438,27,1,0
BRDA:441,28,0,0
BRDA:441,28,1,0
BRDA:442,29,0,0
BRDA:442,29,1,0
BRDA:446,30,0,0
BRDA:446,30,1,0
BRDA:449,31,0,0
BRDA:449,31,1,0
BRDA:450,32,0,0
BRDA:450,32,1,0
BRDA:456,33,0,0
BRDA:456,33,1,0
BRDA:457,34,0,0
BRDA:457,34,1,0
BRDA:458,35,0,0
BRDA:458,35,1,0
BRDA:459,36,0,0
BRDA:459,36,1,0
BRF:74
BRH:0
end_of_record
TN:
SF:components/pages/Profiles.tsx
FN:8,Profiles
FN:13,(anonymous_1)
FN:17,(anonymous_2)
FN:106,(anonymous_3)
FNF:4
FNH:0
FNDA:0,Profiles
FNDA:0,(anonymous_1)
FNDA:0,(anonymous_2)
FNDA:0,(anonymous_3)
DA:9,0
DA:10,0
DA:11,0
DA:13,0
DA:14,0
DA:17,0
DA:18,0
DA:19,0
DA:20,0
DA:21,0
DA:23,0
DA:25,0
DA:29,0
DA:30,0
DA:40,0
DA:41,0
DA:52,0
DA:107,0
DA:125,0
LF:19
LH:0
BRDA:29,0,0,0
BRDA:29,0,1,0
BRDA:40,1,0,0
BRDA:40,1,1,0
BRDA:61,2,0,0
BRDA:61,2,1,0
BRDA:62,3,0,0
BRDA:62,3,1,0
BRDA:68,4,0,0
BRDA:68,4,1,0
BRDA:76,5,0,0
BRDA:76,5,1,0
BRDA:83,6,0,0
BRDA:83,6,1,0
BRDA:92,7,0,0
BRDA:92,7,1,0
BRDA:92,7,2,0
BRDA:96,8,0,0
BRDA:96,8,1,0
BRDA:102,9,0,0
BRDA:102,9,1,0
BRDA:102,9,2,0
BRF:22
BRH:0
end_of_record
TN:
SF:components/pages/Scheduler.tsx
FN:7,Scheduler
FN:13,(anonymous_1)
FN:59,(anonymous_2)
FN:73,(anonymous_3)
FNF:4
FNH:0
FNDA:0,Scheduler
FNDA:0,(anonymous_1)
FNDA:0,(anonymous_2)
FNDA:0,(anonymous_3)
DA:8,0
DA:9,0
DA:10,0
DA:11,0
DA:13,0
DA:14,0
DA:15,0
DA:16,0
DA:17,0
DA:21,0
DA:60,0
DA:73,0
DA:86,0
LF:13
LH:0
BRDA:14,0,0,0
BRDA:14,0,1,0
BRDA:53,1,0,0
BRDA:53,1,1,0
BRF:4
BRH:0
end_of_record
TN:
SF:components/pages/Security.tsx
FN:9,Security
FN:16,(anonymous_1)
FN:20,(anonymous_2)
FN:31,(anonymous_3)
FN:43,(anonymous_4)
FN:47,(anonymous_5)
FN:65,(anonymous_6)
FN:74,(anonymous_7)
FN:88,(anonymous_8)
FN:102,(anonymous_9)
FN:111,(anonymous_10)
FN:118,(anonymous_11)
FN:129,(anonymous_12)
FN:130,(anonymous_13)
FN:193,(anonymous_14)
FN:209,(anonymous_15)
FN:225,(anonymous_16)
FN:241,(anonymous_17)
FN:257,(anonymous_18)
FN:282,(anonymous_19)
FN:291,(anonymous_20)
FN:300,(anonymous_21)
FN:326,(anonymous_22)
FN:356,(anonymous_23)
FN:365,(anonymous_24)
FN:368,(anonymous_25)
FN:382,(anonymous_26)
FN:391,(anonymous_27)
FN:410,(anonymous_28)
FN:419,(anonymous_29)
FNF:30
FNH:0
FNDA:0,Security
FNDA:0,(anonymous_1)
FNDA:0,(anonymous_2)
FNDA:0,(anonymous_3)
FNDA:0,(anonymous_4)
FNDA:0,(anonymous_5)
FNDA:0,(anonymous_6)
FNDA:0,(anonymous_7)
FNDA:0,(anonymous_8)
FNDA:0,(anonymous_9)
FNDA:0,(anonymous_10)
FNDA:0,(anonymous_11)
FNDA:0,(anonymous_12)
FNDA:0,(anonymous_13)
FNDA:0,(anonymous_14)
FNDA:0,(anonymous_15)
FNDA:0,(anonymous_16)
FNDA:0,(anonymous_17)
FNDA:0,(anonymous_18)
FNDA:0,(anonymous_19)
FNDA:0,(anonymous_20)
FNDA:0,(anonymous_21)
FNDA:0,(anonymous_22)
FNDA:0,(anonymous_23)
FNDA:0,(anonymous_24)
FNDA:0,(anonymous_25)
FNDA:0,(anonymous_26)
FNDA:0,(anonymous_27)
FNDA:0,(anonymous_28)
FNDA:0,(anonymous_29)
DA:10,0
DA:11,0
DA:12,0
DA:13,0
DA:14,0
[...]
DA:279,0
DA:282,0
DA:283,0
DA:284,0
DA:287,0
DA:288,0
DA:290,0
DA:291,0
DA:292,0
DA:294,0
DA:296,0
DA:297,0
DA:299,0
DA:300,0
DA:301,0
DA:302,0
DA:303,0
DA:304,0
DA:307,0
DA:317,0
DA:321,0
DA:322,0
DA:325,0
DA:326,0
DA:330,0
DA:331,0
DA:334,0
DA:335,0
DA:336,0
DA:337,0
DA:339,0
DA:345,0
DA:346,0
DA:351,0
DA:352,0
DA:355,0
DA:356,0
DA:360,0
DA:361,0
DA:364,0
DA:365,0
DA:366,0
DA:370,0
DA:371,0
DA:372,0
DA:376,0
DA:377,0
DA:378,0
DA:383,0
DA:387,0
DA:391,0
DA:392,0
DA:395,0
DA:399,0
DA:400,0
DA:402,0
DA:403,0
DA:404,0
DA:406,0
DA:410,1
LF:145
LH:3
BRDA:46,0,0,0
BRDA:46,0,1,0
BRDA:50,1,0,0
BRDA:50,1,1,0
BRDA:57,2,0,0
BRDA:57,2,1,0
BRDA:73,3,0,0
BRDA:73,3,1,0
BRDA:79,4,0,0
BRDA:79,4,1,0
BRDA:80,5,0,0
BRDA:80,5,1,0
BRDA:84,6,0,0
BRDA:84,6,1,0
BRDA:92,7,0,0
BRDA:92,7,1,0
BRDA:95,8,0,0
BRDA:95,8,1,0
BRDA:98,9,0,0
BRDA:98,9,1,0
BRDA:109,10,0,0
BRDA:109,10,1,0
BRDA:119,11,0,0
BRDA:119,11,1,0
BRDA:119,12,0,0
BRDA:119,12,1,0
BRDA:128,13,0,0
BRDA:128,13,1,0
BRDA:131,14,0,0
BRDA:131,14,1,0
BRDA:134,15,0,0
BRDA:134,15,1,0
BRDA:145,16,0,0
BRDA:145,16,1,0
BRDA:154,17,0,0
BRDA:154,17,1,0
BRDA:154,18,0,0
BRDA:154,18,1,0
BRDA:163,19,0,0
BRDA:163,19,1,0
BRDA:169,20,0,0
BRDA:169,20,1,0
BRDA:185,21,0,0
BRDA:185,21,1,0
BRDA:185,22,0,0
BRDA:185,22,1,0
BRDA:195,23,0,0
BRDA:195,23,1,0
BRDA:197,24,0,0
BRDA:197,24,1,0
BRDA:200,25,0,0
BRDA:200,25,1,0
BRDA:211,26,0,0
BRDA:212,27,0,0
BRDA:212,27,1,0
BRDA:218,28,0,0
BRDA:218,28,1,0
BRDA:223,29,0,0
BRDA:223,29,1,0
BRDA:225,30,0,0
BRDA:225,30,1,0
BRDA:231,31,0,0
BRDA:231,31,1,0
BRDA:238,32,0,0
BRDA:238,32,1,0
BRDA:241,33,0,0
BRDA:241,33,1,0
BRDA:247,34,0,0
BRDA:247,34,1,0
BRDA:278,35,0,0
BRDA:278,35,1,0
BRDA:283,36,0,0
BRDA:283,36,1,0
BRDA:294,37,0,0
BRDA:294,37,1,0
BRDA:299,38,0,0
BRDA:299,38,1,0
BRDA:299,39,0,0
BRDA:299,39,1,0
BRDA:301,40,0,0
BRDA:301,40,1,0
BRDA:301,41,0,0
BRDA:301,41,1,0
BRDA:303,42,0,0
BRDA:303,42,1,0
BRDA:303,43,0,0
BRDA:303,43,1,0
BRDA:313,44,0,0
BRDA:313,44,1,0
BRDA:321,45,0,0
BRDA:321,45,1,0
BRDA:330,46,0,0
BRDA:330,46,1,0
BRDA:351,47,0,0
BRDA:351,47,1,0
BRDA:356,48,0,0
BRDA:356,48,1,0
BRDA:360,49,0,0
BRDA:360,49,1,0
BRDA:377,50,0,0
BRDA:377,50,1,0
BRDA:391,51,0,0
BRDA:391,51,1,0
BRDA:402,52,0,0
BRDA:402,52,1,0
BRDA:403,53,0,0
BRDA:403,53,1,0
BRDA:404,54,0,0
BRDA:404,54,1,0
BRF:109
BRH:0
end_of_record
TN:
SF:services/storage/MigrationRunner.ts
FN:43,(anonymous_0)
FN:46,(anonymous_1)
FN:52,(anonymous_2)
FN:65,(anonymous_3)
FN:72,(anonymous_4)
FN:85,(anonymous_5)
FN:94,(anonymous_6)
FN:96,(anonymous_7)
FN:141,(anonymous_8)
FN:150,(anonymous_9)
FN:151,(anonymous_10)
FN:191,(anonymous_11)
FN:198,(anonymous_12)
FN:200,(anonymous_13)
FN:206,(anonymous_14)
FN:214,(anonymous_15)
FNF:16
FNH:14
FNDA:15,(anonymous_0)
FNDA:3,(anonymous_1)
FNDA:22,(anonymous_2)
FNDA:11,(anonymous_3)
FNDA:15,(anonymous_4)
FNDA:13,(anonymous_5)
FNDA:11,(anonymous_6)
FNDA:13,(anonymous_7)
FNDA:2,(anonymous_8)
FNDA:2,(anonymous_9)
FNDA:0,(anonymous_10)
FNDA:1,(anonymous_11)
FNDA:3,(anonymous_12)
FNDA:4,(anonymous_13)
FNDA:2,(anonymous_14)
FNDA:0,(anonymous_15)
DA:36,1
DA:37,1
DA:38,1
DA:44,15
DA:46,15
DA:53,22
DA:54,22
DA:55,22
DA:57,0
DA:58,0
DA:66,11
DA:73,15
DA:74,15
DA:75,15
DA:77,0
DA:78,0
DA:86,13
DA:87,13
DA:88,13
DA:95,11
DA:96,13
DA:98,11
DA:99,1
DA:100,1
DA:103,10
DA:105,10
DA:106,12
DA:107,12
DA:108,12
DA:110,10
DA:111,10
DA:118,10
DA:120,2
DA:121,2
DA:123,2
DA:131,2
DA:135,8
DA:142,2
DA:144,2
DA:145,1
DA:146,1
DA:149,1
DA:150,2
DA:151,0
DA:153,1
DA:155,1
DA:156,1
DA:157,1
DA:158,1
DA:160,1
DA:161,1
DA:168,1
DA:170,0
DA:171,0
DA:173,0
DA:181,0
DA:185,1
DA:192,1
DA:199,3
DA:200,4
DA:207,2
DA:208,2
DA:215,0
DA:216,0
DA:217,0
DA:219,0
LF:66
LH:53
BRDA:55,0,0,9
BRDA:55,0,1,13
BRDA:75,1,0,5
BRDA:75,1,1,10
BRDA:98,2,0,1
BRDA:98,2,1,10
BRDA:120,3,0,2
BRDA:120,3,1,0
BRDA:144,4,0,1
BRDA:144,4,1,1
BRDA:150,5,0,2
BRDA:150,5,1,1
BRDA:170,6,0,0
BRDA:170,6,1,0
BRF:14
BRH:11
end_of_record
TN:
SF:services/storage/StorageManager.ts
FN:19,(anonymous_0)
FN:24,(anonymous_1)
FN:44,(anonymous_2)
FN:79,(anonymous_3)
FN:90,(anonymous_4)
FN:94,(anonymous_5)
FN:107,(anonymous_6)
FN:108,(anonymous_7)
FN:113,(anonymous_8)
FN:134,(anonymous_9)
FN:138,(anonymous_10)
FN:139,(anonymous_11)
FN:146,(anonymous_12)
FN:158,(anonymous_13)
FNF:14
FNH:2
FNDA:1,(anonymous_0)
FNDA:0,(anonymous_1)
FNDA:4,(anonymous_2)
FNDA:0,(anonymous_3)
FNDA:0,(anonymous_4)
FNDA:0,(anonymous_5)
FNDA:0,(anonymous_6)
FNDA:0,(anonymous_7)
FNDA:0,(anonymous_8)
FNDA:0,(anonymous_9)
FNDA:0,(anonymous_10)
FNDA:0,(anonymous_11)
FNDA:0,(anonymous_12)
FNDA:0,(anonymous_13)
DA:20,1
DA:21,1
DA:25,0
DA:27,0
DA:33,0
DA:34,0
DA:35,0
DA:36,0
DA:37,0
DA:39,0
DA:40,0
DA:45,4
DA:47,4
DA:48,0
DA:49,0
DA:50,0
DA:51,0
DA:53,0
DA:56,4
DA:57,4
DA:58,4
DA:59,4
DA:62,0
DA:64,0
DA:65,0
DA:66,0
DA:67,0
DA:70,0
DA:71,0
DA:72,0
DA:74,0
DA:75,0
DA:80,0
DA:81,0
DA:82,0
DA:83,0
DA:84,0
DA:86,0
DA:91,0
DA:92,0
DA:93,0
DA:94,0
DA:95,0
DA:96,0
DA:98,0
DA:99,0
DA:100,0
DA:103,0
DA:108,0
DA:109,0
DA:111,0
DA:112,0
DA:113,0
DA:114,0
DA:115,0
DA:116,0
DA:117,0
DA:118,0
DA:119,0
DA:120,0
DA:123,0
DA:128,0
DA:131,0
DA:135,0
DA:136,0
DA:137,0
DA:138,0
DA:139,0
DA:141,0
DA:142,0
DA:147,0
DA:148,0
DA:149,0
DA:150,0
DA:151,0
DA:153,0
DA:154,0
DA:159,0
DA:160,0
LF:79
LH:8
BRDA:19,0,0,1
BRDA:24,1,0,0
BRDA:30,2,0,0
BRDA:30,2,1,0
BRDA:47,3,0,0
BRDA:47,3,1,4
BRDA:49,4,0,0
BRDA:49,4,1,0
BRDA:49,5,0,0
BRDA:49,5,1,0
BRDA:58,6,0,4
BRDA:58,6,1,0
BRDA:64,7,0,0
BRDA:64,7,1,0
BRDA:64,8,0,0
BRDA:64,8,1,0
BRDA:92,9,0,0
BRDA:92,9,1,0
BRDA:115,10,0,0
BRDA:115,10,1,0
BRDA:118,11,0,0
BRDA:118,11,1,0
BRDA:118,12,0,0
BRDA:118,12,1,0
BRF:24
BRH:3
end_of_record
TN:
SF:services/storage/migrations/001_initial_schema.ts
FN:15,(anonymous_0)
FN:52,(anonymous_1)
FNF:2
FNH:0
FNDA:0,(anonymous_0)
FNDA:0,(anonymous_1)
DA:10,0
DA:16,0
DA:19,0
DA:31,0
DA:34,0
DA:39,0
DA:42,0
DA:47,0
DA:49,0
DA:53,0
DA:55,0
DA:56,0
DA:57,0
DA:59,0
LF:14
LH:0
BRF:0
BRH:0
end_of_record
TN:
SF:services/storage/migrations/002_add_social_media_schema.ts
FN:15,(anonymous_0)
FN:37,(anonymous_1)
FNF:2
FNH:0
FNDA:0,(anonymous_0)
FNDA:0,(anonymous_1)
DA:10,0
DA:16,0
DA:19,0
DA:24,0
DA:27,0
DA:32,0
DA:34,0
DA:38,0
DA:40,0
DA:41,0
DA:43,0
LF:11
LH:0
BRF:0
BRH:0
end_of_record
TN:
SF:services/storage/migrations/003_add_monetization_iot_schemas.ts
FN:15,(anonymous_0)
FN:38,(anonymous_1)
FNF:2
FNH:0
FNDA:0,(anonymous_0)
FNDA:0,(anonymous_1)
DA:10,0
DA:16,0
DA:19,0
DA:25,0
DA:28,0
DA:33,0
DA:35,0
DA:39,0
DA:41,0
DA:42,0
DA:44,0
LF:11
LH:0
BRF:0
BRH:0
end_of_record
TN:
SF:services/storage/migrations/index.ts
FNF:0
FNH:0
LF:0
LH:0
BRF:0
BRH:0
end_of_record
TN:
SF:services/sync/GoogleDriveSync.ts
FN:26,(anonymous_0)
FN:75,(anonymous_1)
FN:120,(anonymous_2)
FN:173,(anonymous_3)
FN:204,(anonymous_4)
FN:237,(anonymous_5)
FN:258,(anonymous_6)
FN:278,(anonymous_7)
FN:298,(anonymous_8)
FN:335,(anonymous_9)
FN:342,(anonymous_10)
FN:349,(anonymous_11)
FN:356,(anonymous_12)
FN:363,(anonymous_13)
FNF:14
FNH:0
FNDA:0,(anonymous_0)
FNDA:0,(anonymous_1)
FNDA:0,(anonymous_2)
FNDA:0,(anonymous_3)
FNDA:0,(anonymous_4)
FNDA:0,(anonymous_5)
FNDA:0,(anonymous_6)
FNDA:0,(anonymous_7)
FNDA:0,(anonymous_8)
FNDA:0,(anonymous_9)
FNDA:0,(anonymous_10)
FNDA:0,(anonymous_11)
FNDA:0,(anonymous_12)
FNDA:0,(anonymous_13)
DA:4,0
DA:5,0
DA:19,0
DA:27,0
DA:28,0
DA:29,0
DA:32,0
DA:33,0
DA:35,0
DA:36,0
DA:37,0
DA:41,0
DA:42,0
DA:43,0
DA:47,0
DA:49,0
DA:51,0
DA:52,0
DA:55,0
DA:56,0
DA:59,0
DA:60,0
DA:62,0
DA:64,0
DA:65,0
DA:66,0
DA:68,0
DA:76,0
DA:77,0
DA:78,0
DA:81,0
DA:82,0
DA:84,0
DA:85,0
DA:86,0
DA:90,0
DA:91,0
DA:92,0
DA:93,0
DA:97,0
DA:100,0
DA:102,0
DA:103,0
DA:105,0
DA:106,0
DA:108,0
DA:109,0
DA:110,0
DA:112,0
DA:121,0
DA:122,0
DA:124,0
DA:125,0
DA:126,0
DA:130,0
DA:132,0
DA:134,0
DA:135,0
DA:136,0
DA:140,0
DA:141,0
DA:144,0
DA:145,0
DA:147,0
DA:148,0
DA:149,0
DA:152,0
DA:155,0
DA:156,0
DA:157,0
DA:158,0
DA:159,0
DA:160,0
DA:162,0
DA:165,0
DA:166,0
DA:174,0
DA:175,0
DA:184,0
DA:185,0
DA:188,0
DA:190,0
DA:191,0
DA:194,0
DA:196,0
DA:197,0
DA:205,0
DA:211,0
DA:212,0
DA:213,0
DA:215,0
DA:226,0
DA:227,0
DA:230,0
DA:231,0
DA:238,0
DA:250,0
DA:251,0
DA:259,0
DA:268,0
DA:269,0
DA:272,0
DA:279,0
DA:288,0
DA:289,0
DA:292,0
DA:299,0
DA:300,0
DA:301,0
DA:302,0
DA:305,0
DA:306,0
DA:307,0
DA:308,0
DA:311,0
DA:321,0
DA:322,0
DA:325,0
DA:327,0
DA:328,0
DA:336,0
DA:343,0
DA:350,0
DA:357,0
DA:364,0
LF:125
LH:0
BRDA:27,0,0,0
BRDA:27,0,1,0
BRDA:36,1,0,0
BRDA:36,1,1,0
BRDA:42,2,0,0
BRDA:42,2,1,0
BRDA:49,3,0,0
BRDA:49,3,1,0
BRDA:65,4,0,0
BRDA:65,4,1,0
BRDA:76,5,0,0
BRDA:76,5,1,0
BRDA:85,6,0,0
BRDA:85,6,1,0
BRDA:91,7,0,0
BRDA:91,7,1,0
BRDA:109,8,0,0
BRDA:109,8,1,0
BRDA:125,9,0,0
BRDA:125,9,1,0
BRDA:132,10,0,0
BRDA:132,10,1,0
BRDA:145,11,0,0
BRDA:145,11,1,0
BRDA:155,12,0,0
BRDA:155,12,1,0
BRDA:158,13,0,0
BRDA:158,13,1,0
BRDA:184,14,0,0
BRDA:184,14,1,0
BRDA:190,15,0,0
BRDA:190,15,1,0
BRDA:190,16,0,0
BRDA:190,16,1,0
BRDA:226,17,0,0
BRDA:226,17,1,0
BRDA:250,18,0,0
BRDA:250,18,1,0
BRDA:268,19,0,0
BRDA:268,19,1,0
BRDA:288,20,0,0
BRDA:288,20,1,0
BRDA:301,21,0,0
BRDA:301,21,1,0
BRDA:306,22,0,0
BRDA:306,22,1,0
BRDA:321,23,0,0
BRDA:321,23,1,0
BRF:48
BRH:0
end_of_record
TN:
SF:services/trends/TrendService.ts
FN:30,(anonymous_0)
FN:36,(anonymous_1)
FN:51,(anonymous_2)
FN:62,(anonymous_3)
FN:80,(anonymous_4)
FN:134,(anonymous_5)
FN:153,(anonymous_6)
FN:156,(anonymous_7)
FN:193,(anonymous_8)
FN:196,(anonymous_9)
FN:205,(anonymous_10)
FN:214,(anonymous_11)
FN:221,(anonymous_12)
FN:223,(anonymous_13)
FN:224,(anonymous_14)
FN:228,(anonymous_15)
FN:238,(anonymous_16)
FN:239,(anonymous_17)
FN:242,(anonymous_18)
FN:283,(anonymous_19)
FN:284,(anonymous_20)
FN:287,(anonymous_21)
FN:292,(anonymous_22)
FN:293,(anonymous_23)
FN:298,(anonymous_24)
FN:311,(anonymous_25)
FN:323,(anonymous_26)
FN:331,(anonymous_27)
FNF:28
FNH:1
FNDA:1,(anonymous_0)
FNDA:0,(anonymous_1)
FNDA:0,(anonymous_2)
FNDA:0,(anonymous_3)
FNDA:0,(anonymous_4)
FNDA:0,(anonymous_5)
FNDA:0,(anonymous_6)
FNDA:0,(anonymous_7)
FNDA:0,(anonymous_8)
FNDA:0,(anonymous_9)
FNDA:0,(anonymous_10)
FNDA:0,(anonymous_11)
FNDA:0,(anonymous_12)
FNDA:0,(anonymous_13)
FNDA:0,(anonymous_14)
FNDA:0,(anonymous_15)
FNDA:0,(anonymous_16)
FNDA:0,(anonymous_17)
FNDA:0,(anonymous_18)
FNDA:0,(anonymous_19)
FNDA:0,(anonymous_20)
FNDA:0,(anonymous_21)
FNDA:0,(anonymous_22)
FNDA:0,(anonymous_23)
FNDA:0,(anonymous_24)
FNDA:0,(anonymous_25)
FNDA:0,(anonymous_26)
FNDA:0,(anonymous_27)
DA:31,1
DA:32,1
DA:33,1
DA:37,0
DA:39,0
DA:40,0
DA:42,0
DA:43,0
DA:44,0
DA:47,0
DA:48,0
DA:50,0
DA:51,0
DA:52,0
DA:53,0
DA:56,0
DA:59,0
DA:63,0
DA:64,0
DA:67,0
DA:68,0
DA:69,0
DA:70,0
DA:71,0
DA:74,0
DA:77,0
DA:88,0
DA:90,0
DA:91,0
DA:92,0
DA:95,0
DA:96,0
DA:98,0
DA:99,0
DA:102,0
DA:103,0
DA:105,0
DA:106,0
DA:107,0
DA:110,0
DA:113,0
DA:144,0
DA:146,0
DA:154,0
DA:156,0
DA:157,0
DA:158,0
DA:159,0
DA:161,0
DA:162,0
DA:164,0
DA:165,0
DA:167,0
DA:168,0
DA:181,0
DA:182,0
DA:185,0
DA:187,0
DA:191,0
DA:193,0
DA:197,0
DA:198,0
DA:199,0
DA:200,0
DA:201,0
DA:206,0
DA:208,0
DA:209,0
DA:213,0
DA:214,0
DA:215,0
DA:218,0
DA:221,0
DA:222,0
DA:223,0
DA:224,0
DA:229,0
DA:231,0
DA:237,0
DA:238,0
DA:239,0
DA:247,0
DA:249,0
DA:250,0
DA:251,0
DA:253,0
DA:254,0
DA:255,0
DA:256,0
DA:257,0
DA:263,0
DA:264,0
DA:265,0
DA:268,0
DA:276,0
DA:284,0
DA:288,0
DA:289,0
DA:293,0
DA:294,0
DA:295,0
DA:299,0
DA:301,0
DA:302,0
DA:303,0
DA:304,0
DA:305,0
DA:306,0
DA:308,0
DA:312,0
DA:323,0
DA:331,0
LF:112
LH:3
BRDA:36,0,0,0
BRDA:42,1,0,0
BRDA:42,1,1,0
BRDA:50,2,0,0
BRDA:50,2,1,0
BRDA:50,3,0,0
BRDA:50,3,1,0
BRDA:63,4,0,0
BRDA:63,4,1,0
BRDA:69,5,0,0
BRDA:69,5,1,0
BRDA:69,6,0,0
BRDA:69,6,1,0
BRDA:91,7,0,0
BRDA:91,7,1,0
BRDA:98,8,0,0
BRDA:98,8,1,0
BRDA:105,9,0,0
BRDA:105,9,1,0
BRDA:105,10,0,0
BRDA:105,10,1,0
BRDA:114,11,0,0
BRDA:114,11,1,0
BRDA:137,12,0,0
BRDA:159,13,0,0
BRDA:159,13,1,0
BRDA:162,14,0,0
BRDA:162,14,1,0
BRDA:167,15,0,0
BRDA:167,15,1,0
BRDA:167,16,0,0
BRDA:167,16,1,0
BRDA:171,17,0,0
BRDA:171,17,1,0
BRDA:172,18,0,0
BRDA:172,18,1,0
BRDA:175,19,0,0
BRDA:175,19,1,0
BRDA:198,20,0,0
BRDA:198,20,1,0
BRDA:205,21,0,0
BRDA:213,22,0,0
BRDA:213,22,1,0
BRDA:213,23,0,0
BRDA:213,23,1,0
BRDA:222,24,0,0
BRDA:222,24,1,0
BRDA:222,24,2,0
BRDA:255,25,0,0
BRDA:255,25,1,0
BRDA:263,26,0,0
BRDA:263,26,1,0
BRDA:301,27,0,0
BRDA:301,27,1,0
BRDA:302,28,0,0
BRDA:302,28,1,0
BRDA:303,29,0,0
BRDA:303,29,1,0
BRDA:304,30,0,0
BRDA:304,30,1,0
BRDA:305,31,0,0
BRDA:305,31,1,0
BRDA:306,32,0,0
BRDA:306,32,1,0
BRDA:323,33,0,0
BRDA:323,33,1,0
BRDA:326,34,0,0
BRDA:326,34,1,0
BRF:68
BRH:0
end_of_record
TN:
SF:services/user/UserProfileService.ts
FN:33,(anonymous_0)
FN:40,(anonymous_1)
FN:47,(anonymous_2)
FN:71,(anonymous_3)
FN:93,(anonymous_4)
FN:120,(anonymous_5)
FN:146,(anonymous_6)
FN:162,(anonymous_7)
FN:181,(anonymous_8)
FN:207,(anonymous_9)
FN:244,(anonymous_10)
FN:251,(anonymous_11)
FNF:12
FNH:0
FNDA:0,(anonymous_0)
FNDA:0,(anonymous_1)
FNDA:0,(anonymous_2)
FNDA:0,(anonymous_3)
FNDA:0,(anonymous_4)
FNDA:0,(anonymous_5)
FNDA:0,(anonymous_6)
FNDA:0,(anonymous_7)
FNDA:0,(anonymous_8)
FNDA:0,(anonymous_9)
FNDA:0,(anonymous_10)
FNDA:0,(anonymous_11)
DA:21,0
DA:28,0
DA:34,0
DA:41,0
DA:48,0
DA:49,0
DA:51,0
DA:58,0
DA:59,0
DA:61,0
DA:63,0
DA:64,0
DA:72,0
DA:73,0
DA:75,0
DA:76,0
DA:79,0
DA:80,0
DA:82,0
DA:83,0
DA:86,0
DA:94,0
DA:95,0
DA:96,0
DA:99,0
DA:102,0
DA:107,0
DA:108,0
DA:110,0
DA:112,0
DA:113,0
DA:121,0
DA:122,0
DA:123,0
DA:126,0
DA:129,0
DA:130,0
DA:131,0
DA:133,0
DA:134,0
DA:136,0
DA:138,0
DA:139,0
DA:147,0
DA:148,0
DA:149,0
DA:152,0
DA:154,0
DA:155,0
DA:163,0
DA:164,0
DA:165,0
DA:168,0
DA:169,0
DA:171,0
DA:173,0
DA:174,0
DA:182,0
DA:183,0
DA:184,0
DA:188,0
DA:190,0
DA:199,0
DA:200,0
DA:208,0
DA:209,0
DA:219,0
DA:222,0
DA:223,0
DA:224,0
DA:225,0
DA:226,0
DA:231,0
DA:232,0
DA:234,0
DA:236,0
DA:237,0
DA:245,0
DA:252,0
LF:79
LH:0
BRDA:55,0,0,0
BRDA:55,0,1,0
BRDA:75,1,0,0
BRDA:75,1,1,0
BRDA:95,2,0,0
BRDA:95,2,1,0
BRDA:122,3,0,0
BRDA:122,3,1,0
BRDA:148,4,0,0
BRDA:148,4,1,0
BRDA:164,5,0,0
BRDA:164,5,1,0
BRDA:183,6,0,0
BRDA:183,6,1,0
BRDA:222,7,0,0
BRDA:222,7,1,0
BRDA:224,8,0,0
BRDA:224,8,1,0
BRDA:252,9,0,0
BRDA:252,9,1,0
BRF:20
BRH:0
end_of_record
TN:
SF:services/voice/VoiceService.ts
FN:37,(anonymous_0)
FN:50,(anonymous_1)
FN:95,(anonymous_2)
FN:99,(anonymous_3)
FN:130,(anonymous_4)
FN:159,(anonymous_5)
FN:204,(anonymous_6)
FN:212,(anonymous_7)
FN:223,(anonymous_8)
FN:230,(anonymous_9)
FN:234,(anonymous_10)
FN:238,(anonymous_11)
FNF:12
FNH:0
FNDA:0,(anonymous_0)
FNDA:0,(anonymous_1)
FNDA:0,(anonymous_2)
FNDA:0,(anonymous_3)
FNDA:0,(anonymous_4)
FNDA:0,(anonymous_5)
FNDA:0,(anonymous_6)
FNDA:0,(anonymous_7)
FNDA:0,(anonymous_8)
FNDA:0,(anonymous_9)
FNDA:0,(anonymous_10)
FNDA:0,(anonymous_11)
DA:24,1
DA:25,1
DA:28,1
DA:38,0
DA:39,0
DA:40,0
DA:41,0
DA:43,0
DA:51,0
DA:52,0
DA:53,0
DA:57,0
DA:65,0
DA:67,0
DA:69,0
DA:77,0
DA:85,0
DA:86,0
DA:87,0
DA:88,0
DA:91,0
DA:96,0
DA:100,0
DA:101,0
DA:102,0
DA:105,0
DA:107,0
DA:108,0
DA:109,0
DA:112,0
DA:113,0
DA:118,0
DA:119,0
DA:120,0
DA:122,0
DA:123,0
DA:125,0
DA:126,0
DA:131,0
DA:132,0
DA:133,0
DA:136,0
DA:138,0
DA:139,0
DA:140,0
DA:141,0
DA:142,0
DA:144,0
DA:145,0
DA:151,0
DA:152,0
DA:154,0
DA:155,0
DA:160,0
DA:162,0
DA:163,0
DA:165,0
DA:166,0
DA:167,0
DA:168,0
DA:170,0
DA:171,0
DA:173,0
DA:180,0
DA:182,0
DA:187,0
DA:188,0
DA:191,0
DA:192,0
DA:194,0
DA:199,0
DA:200,0
DA:205,0
DA:206,0
DA:208,0
DA:209,0
DA:214,0
DA:222,0
DA:223,0
DA:226,0
DA:227,0
DA:231,0
DA:235,0
DA:239,0
DA:243,1
LF:85
LH:4
BRDA:38,0,0,0
BRDA:38,0,1,0
BRDA:40,1,0,0
BRDA:40,1,1,0
BRDA:51,2,0,0
BRDA:51,2,1,0
BRDA:59,3,0,0
BRDA:59,3,1,0
BRDA:60,4,0,0
BRDA:60,4,1,0
BRDA:61,5,0,0
BRDA:61,5,1,0
BRDA:67,6,0,0
BRDA:67,6,1,0
BRDA:85,7,0,0
BRDA:85,7,1,0
BRDA:87,8,0,0
BRDA:87,8,1,0
BRDA:100,9,0,0
BRDA:100,9,1,0
BRDA:107,10,0,0
BRDA:107,10,1,0
BRDA:131,11,0,0
BRDA:131,11,1,0
BRDA:131,12,0,0
BRDA:131,12,1,0
BRDA:144,13,0,0
BRDA:144,13,1,0
BRDA:165,14,0,0
BRDA:165,14,1,0
BRDA:187,15,0,0
BRDA:187,15,1,0
BRDA:196,16,0,0
BRDA:196,16,1,0
BRDA:205,17,0,0
BRDA:205,17,1,0
BRF:36
BRH:0
end_of_record
TN:
SF:services/voice/WhisperService.ts
FN:32,(anonymous_0)
FN:122,(anonymous_1)
FN:131,(anonymous_2)
FNF:3
FNH:3
FNDA:7,(anonymous_0)
FNDA:3,(anonymous_1)
FNDA:1,(anonymous_2)
DA:22,1
DA:23,1
DA:37,7
DA:38,1
DA:44,6
DA:45,6
DA:49,6
DA:51,5
DA:52,5
DA:53,5
DA:54,5
DA:55,55
DA:57,5
DA:59,1
DA:62,6
DA:63,6
DA:65,6
DA:66,1
DA:68,6
DA:69,1
DA:71,6
DA:72,1
DA:74,6
DA:75,1
DA:78,6
DA:80,6
DA:88,5
DA:90,5
DA:91,1
DA:92,1
DA:93,1
DA:100,4
DA:102,4
DA:109,1
DA:110,1
DA:123,3
DA:124,3
DA:132,1
LF:38
LH:38
BRDA:35,0,0,5
BRDA:37,1,0,1
BRDA:37,1,1,6
BRDA:49,2,0,5
BRDA:49,2,1,1
BRDA:65,3,0,1
BRDA:65,3,1,5
BRDA:68,4,0,1
BRDA:68,4,1,5
BRDA:71,5,0,1
BRDA:71,5,1,5
BRDA:74,6,0,1
BRDA:74,6,1,5
BRDA:90,7,0,1
BRDA:90,7,1,4
BRDA:104,8,0,4
BRDA:104,8,1,0
BRDA:112,9,0,1
BRDA:112,9,1,0
BRDA:123,10,0,3
BRDA:123,10,1,2
BRF:21
BRH:19
end_of_record
TN:
SF:services/workflow/WorkflowService.ts
FN:19,(anonymous_0)
FN:25,(anonymous_1)
FN:29,(anonymous_2)
FN:38,(anonymous_3)
FN:47,(anonymous_4)
FN:81,(anonymous_5)
FN:113,(anonymous_6)
FN:121,(anonymous_7)
FN:140,(anonymous_8)
FN:147,(anonymous_9)
FN:174,(anonymous_10)
FN:220,(anonymous_11)
FN:226,(anonymous_12)
FN:249,(anonymous_13)
FN:271,(anonymous_14)
FN:282,(anonymous_15)
FN:286,(anonymous_16)
FN:292,(anonymous_17)
FN:299,(anonymous_18)
FN:300,(anonymous_19)
FN:303,(anonymous_20)
FN:310,(anonymous_21)
FN:311,(anonymous_22)
FN:314,(anonymous_23)
FN:318,(anonymous_24)
FN:322,(anonymous_25)
FN:323,(anonymous_26)
FN:326,(anonymous_27)
FN:340,(anonymous_28)
FN:341,(anonymous_29)
FNF:30
FNH:3
FNDA:1,(anonymous_0)
FNDA:1,(anonymous_1)
FNDA:0,(anonymous_2)
FNDA:0,(anonymous_3)
FNDA:0,(anonymous_4)
FNDA:0,(anonymous_5)
FNDA:0,(anonymous_6)
FNDA:0,(anonymous_7)
FNDA:0,(anonymous_8)
FNDA:0,(anonymous_9)
FNDA:0,(anonymous_10)
FNDA:0,(anonymous_11)
FNDA:0,(anonymous_12)
FNDA:0,(anonymous_13)
FNDA:0,(anonymous_14)
FNDA:0,(anonymous_15)
FNDA:0,(anonymous_16)
FNDA:0,(anonymous_17)
FNDA:1,(anonymous_18)
FNDA:0,(anonymous_19)
FNDA:0,(anonymous_20)
FNDA:0,(anonymous_21)
FNDA:0,(anonymous_22)
FNDA:0,(anonymous_23)
FNDA:0,(anonymous_24)
FNDA:0,(anonymous_25)
FNDA:0,(anonymous_26)
FNDA:0,(anonymous_27)
FNDA:0,(anonymous_28)
FNDA:0,(anonymous_29)
DA:20,1
DA:21,1
DA:22,1
DA:26,1
DA:27,1
DA:28,1
DA:29,1
DA:30,1
DA:31,1
DA:34,0
DA:39,0
DA:40,0
DA:41,0
DA:43,0
DA:54,0
DA:56,0
DA:71,0
DA:72,0
DA:74,0
DA:75,0
DA:78,0
DA:85,0
DA:87,0
DA:88,0
DA:89,0
DA:92,0
DA:99,0
DA:100,0
DA:102,0
DA:103,0
DA:104,0
DA:106,0
DA:110,0
DA:114,0
DA:116,0
DA:117,0
DA:118,0
DA:125,0
DA:126,0
DA:127,0
DA:130,0
DA:131,0
DA:132,0
DA:135,0
DA:137,0
DA:138,0
DA:140,0
DA:141,0
DA:144,0
DA:151,0
DA:152,0
DA:153,0
DA:155,0
DA:156,0
DA:157,0
DA:159,0
DA:161,0
DA:162,0
DA:163,0
DA:174,0
DA:176,0
DA:177,0
DA:178,0
DA:179,0
DA:181,0
DA:182,0
DA:186,0
DA:187,0
DA:188,0
DA:190,0
DA:193,0
DA:195,0
DA:205,0
DA:206,0
DA:208,0
DA:224,0
DA:226,0
DA:227,0
DA:229,0
DA:231,0
DA:233,0
DA:235,0
DA:237,0
DA:239,0
DA:240,0
DA:242,0
DA:244,0
DA:253,0
DA:255,0
DA:256,0
DA:262,0
DA:263,0
DA:266,0
DA:267,0
DA:272,0
DA:273,0
DA:275,0
DA:277,0
DA:278,0
DA:283,0
DA:287,0
DA:289,0
DA:290,0
DA:292,0
DA:293,0
DA:294,0
DA:300,1
DA:301,1
DA:303,1
DA:304,0
DA:305,0
DA:311,0
DA:315,0
DA:319,0
DA:323,0
DA:331,0
DA:332,0
DA:333,0
DA:336,0
DA:338,0
DA:339,0
DA:340,0
DA:341,0
DA:343,0
DA:345,0
DA:346,0
DA:349,0
DA:350,0
DA:353,0
LF:129
LH:12
BRDA:28,0,0,1
BRDA:28,0,1,0
BRDA:74,1,0,0
BRDA:74,1,1,0
BRDA:88,2,0,0
BRDA:88,2,1,0
BRDA:102,3,0,0
BRDA:102,3,1,0
BRDA:103,4,0,0
BRDA:103,4,1,0
BRDA:123,5,0,0
BRDA:126,6,0,0
BRDA:126,6,1,0
BRDA:130,7,0,0
BRDA:130,7,1,0
BRDA:161,8,0,0
BRDA:161,8,1,0
BRDA:187,9,0,0
BRDA:187,9,1,0
BRDA:224,10,0,0
BRDA:224,10,1,0
BRDA:229,11,0,0
BRDA:229,11,1,0
BRDA:229,11,2,0
BRDA:229,11,3,0
BRDA:229,11,4,0
BRDA:229,11,5,0
BRDA:239,12,0,0
BRDA:239,12,1,0
BRDA:239,13,0,0
BRDA:239,13,1,0
BRDA:240,14,0,0
BRDA:240,14,1,0
BRDA:262,15,0,0
BRDA:262,15,1,0
BRDA:273,16,0,0
BRDA:273,16,1,0
BRDA:277,17,0,0
BRDA:277,17,1,0
BRDA:287,18,0,0
BRDA:287,18,1,0
BRDA:290,19,0,0
BRDA:290,19,1,0
BRDA:293,20,0,0
BRDA:293,20,1,0
BRDA:304,21,0,0
BRDA:304,21,1,0
BRDA:326,22,0,0
BRDA:332,23,0,0
BRDA:332,23,1,0
BRDA:345,24,0,0
BRDA:345,24,1,0
BRDA:349,25,0,0
BRDA:349,25,1,0
BRF:54
BRH:1
end_of_record
